[2019-12-16T09:29:05.558] [INFO] default - --------------------------- 开始编译 ---------------------------
[2019-12-16T09:29:05.560] [INFO] default - 程序运行目录: D:\work\人民图片\用户信息
[2019-12-16T09:29:05.560] [INFO] default - 首次启动!
[2019-12-16T09:29:05.560] [INFO] default - 生成版本号: 39ma3zw4xvd
[2019-12-16T09:29:05.566] [INFO] default - 清理资源文件夹: D:\work\人民图片\用户信息\dist\static
[2019-12-16T09:29:05.566] [INFO] default - 文件夹不存在: D:\work\人民图片\用户信息\dist\static
[2019-12-16T09:29:05.567] [INFO] default - 创建文件夹: D:\work\人民图片\用户信息\dist\static
[2019-12-16T09:29:05.567] [INFO] default - 读取模板文件: C:\Users\PG\Documents\GitHub\PG\lib\index.html
[2019-12-16T09:29:05.567] [DEBUG] default - 读取网页标题: {TAG_14226_TAG}
[2019-12-16T09:29:05.567] [DEBUG] default - 处理页面源信息: [{"http-equiv":"content-type","content":"text/html; charset=UTF-8"},{"name":"viewport","content":"width=1200, user-scalable=no"},{"name":"format-detection","content":"telephone=no, email=no"},{"name":"apple-mobile-web-app-capable","content":"yes"},{"name":"apple-mobile-web-app-status-bar-style","content":"white"},{"name":"renderer","content":"webkit"},{"http-equiv":"X-UA-Compatible","content":"IE=edge,chrome=1"},{"name":"filetype","content":"1"},{"name":"publishedtype","content":"1"},{"name":"pagetype","content":"2"},{"name":"screen-orientation","content":"landscape"},{"name":"x5-orientation","content":"landscape"},{"name":"full-screen","content":"yes"},{"name":"x5-fullscreen","content":"true"},{"name":"browsermode","content":"application"},{"name":"x5-page-mode","content":"app"}]
[2019-12-16T09:29:05.568] [INFO] default - 开始处理模块: home
[2019-12-16T09:29:05.946] [INFO] default - 开始处理模块: topBar
[2019-12-16T09:29:05.946] [DEBUG] default - 使用文件缓存:D:\work\人民图片\用户信息\owo_modules\fc53162a6282bce0734812bfaa4f41a5.owo
[2019-12-16T09:29:05.953] [DEBUG] default - 缓存模板: topBarhttps://owo.ink/public/bc77e0f072a2eea00ecd79c64034dea9.page
[2019-12-16T09:29:05.963] [DEBUG] default - 模块topBar处理用时: 18 毫秒!
[2019-12-16T09:29:05.963] [INFO] default - 开始处理模块: navBar
[2019-12-16T09:29:05.993] [DEBUG] default - 缓存模板: navBar./src/module/navBar.owo
[2019-12-16T09:29:06.037] [DEBUG] default - 模块navBar处理用时: 74 毫秒!
[2019-12-16T09:29:06.037] [INFO] default - 开始处理模块: customer
[2019-12-16T09:29:06.044] [DEBUG] default - 缓存模板: customer./src/module/customer.owo
[2019-12-16T09:29:06.048] [DEBUG] default - 模块customer处理用时: 11 毫秒!
[2019-12-16T09:29:06.048] [INFO] default - 开始处理模块: copyright
[2019-12-16T09:29:06.079] [DEBUG] default - 缓存模板: copyright./src/module/copyright.owo
[2019-12-16T09:29:06.088] [DEBUG] default - 模块copyright处理用时: 40 毫秒!
[2019-12-16T09:29:06.089] [DEBUG] default - 缓存模板: home./src/page/home.owo
[2019-12-16T09:29:06.090] [DEBUG] default - 页面home处理用时: 523 毫秒!
[2019-12-16T09:29:06.091] [INFO] default - 文件夹不存在: D:/work/人民图片/用户信息/dist/static/resource
[2019-12-16T09:29:06.092] [INFO] default - 创建文件夹: D:/work/人民图片/用户信息/dist/static/resource
[2019-12-16T09:29:06.092] [DEBUG] default - 处理资源:  [ 'D:/work/人民图片/用户信息/src/resource/triangle.png' ]
[2019-12-16T09:29:06.093] [DEBUG] default - 资源目录:  D:/work/人民图片/用户信息/dist/static/resource
[2019-12-16T09:29:06.094] [DEBUG] default - css中的资源处理完毕!
[2019-12-16T09:29:06.570] [DEBUG] default - 使用postcss处理样式，使用了1个插件!
[2019-12-16T09:29:06.615] [INFO] default - 文件夹不存在: D:\work\人民图片\用户信息\dist\static\css
[2019-12-16T09:29:06.615] [INFO] default - 创建文件夹: D:\work\人民图片\用户信息\dist\static\css
[2019-12-16T09:29:06.615] [INFO] default - 开始处理附属css中的资源
[2019-12-16T09:29:06.616] [INFO] default - 附属css中的资源处理完毕!
[2019-12-16T09:29:06.616] [INFO] default - 读取文件: D:\work\人民图片\用户信息\src\resource\swiper.4.5.0.min.css
[2019-12-16T09:29:06.616] [INFO] default - 附属css中的资源不需要处理!
[2019-12-16T09:29:06.616] [INFO] default - 处理字体: {}
[2019-12-16T09:29:06.745] [INFO] default - 使用postcss处理完毕! 用时: 175 毫秒
[2019-12-16T09:29:06.745] [INFO] default - 正在处理script!
[2019-12-16T09:29:07.272] [INFO] default - 工程中只有一个页面!
[2019-12-16T09:29:07.273] [INFO] default - js中的资源处理完毕!
[2019-12-16T09:29:07.273] [DEBUG] default - 处理引用脚本: [{"name":"swiper.4.5.0.min","src":"./src/resource/swiper.4.5.0.min.js"},{"name":"main","src":"./src/main.js","resource":true}]
[2019-12-16T09:29:07.274] [DEBUG] default - 外部脚本数量: 2
[2019-12-16T09:29:07.274] [DEBUG] default - 处理脚本: swiper.4.5.0.min
[2019-12-16T09:29:07.274] [INFO] default - 读取文件: D:\work\人民图片\用户信息\src\resource\swiper.4.5.0.min.js
[2019-12-16T09:29:07.274] [DEBUG] default - 处理脚本: main
[2019-12-16T09:29:07.274] [INFO] default - 读取文件: D:\work\人民图片\用户信息\src\main.js
[2019-12-16T09:29:07.274] [DEBUG] default - 输出scriptData
[2019-12-16T09:29:07.275] [DEBUG] default - 准备输出html!
[2019-12-16T09:29:07.275] [DEBUG] default - 处理资源:  [ 'D:/work/人民图片/用户信息/src/resource/logo.png',
  'D:/work/人民图片/用户信息/src/resource/people-picture-logo.png',
  'D:/work/人民图片/用户信息/src/resource/customer.png',
  'D:/work/人民图片/用户信息/src/resource/message.png' ]
[2019-12-16T09:29:07.275] [DEBUG] default - 资源目录:  D:/work/人民图片/用户信息/dist/static/resource
[2019-12-16T09:29:07.277] [INFO] default - 文件夹不存在: D:\work\人民图片\用户信息\dist\static\js
[2019-12-16T09:29:07.277] [INFO] default - 创建文件夹: D:\work\人民图片\用户信息\dist\static\js
[2019-12-16T09:29:07.277] [DEBUG] default - 页面中不包含切换动画!
[2019-12-16T09:29:07.278] [INFO] default - 编译结束!
[2019-12-16T09:29:07.279] [INFO] default - 发送页面需要刷新命令!
[2019-12-16T09:29:07.291] [INFO] default - 写入文件: D:\work\人民图片\用户信息\dist\static\css\owo.main.css
[2019-12-16T09:29:07.291] [INFO] default - 主要逻辑文件写出成功!
[2019-12-16T09:29:07.291] [INFO] default - 读取成功: D:\work\人民图片\用户信息\src\main.css
[2019-12-16T09:29:07.292] [INFO] default - 读取成功: D:\work\人民图片\用户信息\src\main.js
[2019-12-16T09:29:07.322] [INFO] default - 读取成功: D:\work\人民图片\用户信息\src\resource\swiper.4.5.0.min.css
[2019-12-16T09:29:07.419] [INFO] default - 写入文件: D:\work\人民图片\用户信息\dist\static\css\main.css
[2019-12-16T09:29:07.427] [INFO] default - 写入文件: D:\work\人民图片\用户信息\dist\static\js\main.js
[2019-12-16T09:29:07.428] [INFO] default - 写入文件: D:\work\人民图片\用户信息\dist\static\css\swiper.4.5.0.min.css
[2019-12-16T09:29:07.434] [INFO] default - 读取成功: D:\work\人民图片\用户信息\src\resource\swiper.4.5.0.min.js
[2019-12-16T09:29:07.442] [INFO] default - 写入文件: D:\work\人民图片\用户信息\dist\static\js\swiper.4.5.0.min.js
[2019-12-16T09:30:20.384] [INFO] default - file change: owo_modules\fc53162a6282bce0734812bfaa4f41a5.owo
[2019-12-16T09:30:20.384] [INFO] default - --------------------------- 开始编译 ---------------------------
[2019-12-16T09:30:20.385] [INFO] default - 程序运行目录: D:\work\人民图片\用户信息
[2019-12-16T09:30:20.385] [INFO] default - 刷新模式,变化目录: owo_modules\fc53162a6282bce0734812bfaa4f41a5.owo
[2019-12-16T09:30:20.385] [INFO] default - 读取模板文件: C:\Users\PG\Documents\GitHub\PG\lib\index.html
[2019-12-16T09:30:20.385] [DEBUG] default - 读取网页标题: {TAG_14226_TAG}
[2019-12-16T09:30:20.385] [DEBUG] default - 处理页面源信息: [{"http-equiv":"content-type","content":"text/html; charset=UTF-8"},{"name":"viewport","content":"width=1200, user-scalable=no"},{"name":"format-detection","content":"telephone=no, email=no"},{"name":"apple-mobile-web-app-capable","content":"yes"},{"name":"apple-mobile-web-app-status-bar-style","content":"white"},{"name":"renderer","content":"webkit"},{"http-equiv":"X-UA-Compatible","content":"IE=edge,chrome=1"},{"name":"filetype","content":"1"},{"name":"publishedtype","content":"1"},{"name":"pagetype","content":"2"},{"name":"screen-orientation","content":"landscape"},{"name":"x5-orientation","content":"landscape"},{"name":"full-screen","content":"yes"},{"name":"x5-fullscreen","content":"true"},{"name":"browsermode","content":"application"},{"name":"x5-page-mode","content":"app"}]
[2019-12-16T09:30:20.385] [INFO] default - 开始处理模块: home
[2019-12-16T09:30:20.397] [INFO] default - 开始处理模块: topBar
[2019-12-16T09:30:20.397] [DEBUG] default - 使用文件缓存:D:\work\人民图片\用户信息\owo_modules\fc53162a6282bce0734812bfaa4f41a5.owo
[2019-12-16T09:30:20.400] [DEBUG] default - 缓存模板: topBarhttps://owo.ink/public/bc77e0f072a2eea00ecd79c64034dea9.page
[2019-12-16T09:30:20.401] [DEBUG] default - 模块topBar处理用时: 4 毫秒!
[2019-12-16T09:30:20.402] [INFO] default - 开始处理模块: navBar
[2019-12-16T09:30:20.429] [DEBUG] default - 缓存模板: navBar./src/module/navBar.owo
[2019-12-16T09:30:20.446] [DEBUG] default - 模块navBar处理用时: 44 毫秒!
[2019-12-16T09:30:20.446] [INFO] default - 开始处理模块: customer
[2019-12-16T09:30:20.456] [DEBUG] default - 缓存模板: customer./src/module/customer.owo
[2019-12-16T09:30:20.461] [DEBUG] default - 模块customer处理用时: 15 毫秒!
[2019-12-16T09:30:20.461] [INFO] default - 开始处理模块: copyright
[2019-12-16T09:30:20.491] [DEBUG] default - 缓存模板: copyright./src/module/copyright.owo
[2019-12-16T09:30:20.498] [DEBUG] default - 模块copyright处理用时: 37 毫秒!
[2019-12-16T09:30:20.499] [DEBUG] default - 缓存模板: home./src/page/home.owo
[2019-12-16T09:30:20.502] [DEBUG] default - 页面home处理用时: 117 毫秒!
[2019-12-16T09:30:20.503] [DEBUG] default - 忽略文件: D:/work/人民图片/用户信息/src/resource/triangle.png
[2019-12-16T09:30:20.503] [DEBUG] default - css中的资源处理完毕!
[2019-12-16T09:30:20.503] [DEBUG] default - 使用postcss处理样式，使用了1个插件!
[2019-12-16T09:30:20.510] [INFO] default - 处理字体: {}
[2019-12-16T09:30:20.511] [INFO] default - 使用postcss处理完毕! 用时: 8 毫秒
[2019-12-16T09:30:20.512] [INFO] default - 正在处理script!
[2019-12-16T09:30:20.529] [INFO] default - 工程中只有一个页面!
[2019-12-16T09:30:20.530] [INFO] default - js中的资源处理完毕!
[2019-12-16T09:30:20.530] [DEBUG] default - 处理引用脚本: [{"name":"swiper.4.5.0.min","src":"./src/resource/swiper.4.5.0.min.js"},{"name":"main","src":"./src/main.js","resource":true}]
[2019-12-16T09:30:20.530] [DEBUG] default - 外部脚本数量: 2
[2019-12-16T09:30:20.530] [DEBUG] default - 处理脚本: swiper.4.5.0.min
[2019-12-16T09:30:20.530] [INFO] default - 读取文件: D:\work\人民图片\用户信息\src\resource\swiper.4.5.0.min.js
[2019-12-16T09:30:20.530] [DEBUG] default - 处理脚本: main
[2019-12-16T09:30:20.530] [INFO] default - 读取文件: D:\work\人民图片\用户信息\src\main.js
[2019-12-16T09:30:20.530] [DEBUG] default - 输出scriptData
[2019-12-16T09:30:20.531] [DEBUG] default - 准备输出html!
[2019-12-16T09:30:20.531] [DEBUG] default - 忽略文件: D:/work/人民图片/用户信息/src/resource/logo.png
[2019-12-16T09:30:20.531] [DEBUG] default - 忽略文件: D:/work/人民图片/用户信息/src/resource/people-picture-logo.png
[2019-12-16T09:30:20.532] [DEBUG] default - 忽略文件: D:/work/人民图片/用户信息/src/resource/customer.png
[2019-12-16T09:30:20.532] [DEBUG] default - 忽略文件: D:/work/人民图片/用户信息/src/resource/message.png
[2019-12-16T09:30:20.533] [DEBUG] default - 页面中不包含切换动画!
[2019-12-16T09:30:20.533] [INFO] default - 编译结束!
[2019-12-16T09:30:20.534] [INFO] default - 发送页面需要刷新命令!
[2019-12-16T09:30:20.534] [INFO] default - 写入文件: D:\work\人民图片\用户信息\dist\static\css\owo.main.css
[2019-12-16T09:30:20.535] [INFO] default - 读取成功: D:\work\人民图片\用户信息\src\main.js
[2019-12-16T09:30:20.535] [INFO] default - 主要逻辑文件写出成功!
[2019-12-16T09:30:20.536] [INFO] default - 写入文件: D:\work\人民图片\用户信息\dist\static\js\main.js
[2019-12-16T09:30:20.536] [INFO] default - 读取成功: D:\work\人民图片\用户信息\src\resource\swiper.4.5.0.min.js
[2019-12-16T09:30:20.537] [INFO] default - 写入文件: D:\work\人民图片\用户信息\dist\static\js\swiper.4.5.0.min.js
[2019-12-16T09:30:45.997] [INFO] default - file change: owo_modules\fc53162a6282bce0734812bfaa4f41a5.owo
[2019-12-16T09:30:45.997] [INFO] default - --------------------------- 开始编译 ---------------------------
[2019-12-16T09:30:45.997] [INFO] default - 程序运行目录: D:\work\人民图片\用户信息
[2019-12-16T09:30:45.997] [INFO] default - 刷新模式,变化目录: owo_modules\fc53162a6282bce0734812bfaa4f41a5.owo
[2019-12-16T09:30:45.997] [INFO] default - 读取模板文件: C:\Users\PG\Documents\GitHub\PG\lib\index.html
[2019-12-16T09:30:45.997] [DEBUG] default - 读取网页标题: {TAG_14226_TAG}
[2019-12-16T09:30:45.997] [DEBUG] default - 处理页面源信息: [{"http-equiv":"content-type","content":"text/html; charset=UTF-8"},{"name":"viewport","content":"width=1200, user-scalable=no"},{"name":"format-detection","content":"telephone=no, email=no"},{"name":"apple-mobile-web-app-capable","content":"yes"},{"name":"apple-mobile-web-app-status-bar-style","content":"white"},{"name":"renderer","content":"webkit"},{"http-equiv":"X-UA-Compatible","content":"IE=edge,chrome=1"},{"name":"filetype","content":"1"},{"name":"publishedtype","content":"1"},{"name":"pagetype","content":"2"},{"name":"screen-orientation","content":"landscape"},{"name":"x5-orientation","content":"landscape"},{"name":"full-screen","content":"yes"},{"name":"x5-fullscreen","content":"true"},{"name":"browsermode","content":"application"},{"name":"x5-page-mode","content":"app"}]
[2019-12-16T09:30:45.997] [INFO] default - 开始处理模块: home
[2019-12-16T09:30:46.002] [INFO] default - 开始处理模块: topBar
[2019-12-16T09:30:46.002] [DEBUG] default - 使用文件缓存:D:\work\人民图片\用户信息\owo_modules\fc53162a6282bce0734812bfaa4f41a5.owo
[2019-12-16T09:30:46.004] [DEBUG] default - 缓存模板: topBarhttps://owo.ink/public/bc77e0f072a2eea00ecd79c64034dea9.page
[2019-12-16T09:30:46.005] [DEBUG] default - 模块topBar处理用时: 3 毫秒!
[2019-12-16T09:30:46.005] [INFO] default - 开始处理模块: navBar
[2019-12-16T09:30:46.029] [DEBUG] default - 缓存模板: navBar./src/module/navBar.owo
[2019-12-16T09:30:46.042] [DEBUG] default - 模块navBar处理用时: 37 毫秒!
[2019-12-16T09:30:46.043] [INFO] default - 开始处理模块: customer
[2019-12-16T09:30:46.049] [DEBUG] default - 缓存模板: customer./src/module/customer.owo
[2019-12-16T09:30:46.053] [DEBUG] default - 模块customer处理用时: 11 毫秒!
[2019-12-16T09:30:46.053] [INFO] default - 开始处理模块: copyright
[2019-12-16T09:30:46.071] [DEBUG] default - 缓存模板: copyright./src/module/copyright.owo
[2019-12-16T09:30:46.077] [DEBUG] default - 模块copyright处理用时: 24 毫秒!
[2019-12-16T09:30:46.078] [DEBUG] default - 缓存模板: home./src/page/home.owo
[2019-12-16T09:30:46.079] [DEBUG] default - 页面home处理用时: 82 毫秒!
[2019-12-16T09:30:46.079] [DEBUG] default - 忽略文件: D:/work/人民图片/用户信息/src/resource/triangle.png
[2019-12-16T09:30:46.079] [DEBUG] default - css中的资源处理完毕!
[2019-12-16T09:30:46.079] [DEBUG] default - 使用postcss处理样式，使用了1个插件!
[2019-12-16T09:30:46.086] [INFO] default - 处理字体: {}
[2019-12-16T09:30:46.087] [INFO] default - 使用postcss处理完毕! 用时: 8 毫秒
[2019-12-16T09:30:46.087] [INFO] default - 正在处理script!
[2019-12-16T09:30:46.099] [INFO] default - 工程中只有一个页面!
[2019-12-16T09:30:46.100] [INFO] default - js中的资源处理完毕!
[2019-12-16T09:30:46.100] [DEBUG] default - 处理引用脚本: [{"name":"swiper.4.5.0.min","src":"./src/resource/swiper.4.5.0.min.js"},{"name":"main","src":"./src/main.js","resource":true}]
[2019-12-16T09:30:46.100] [DEBUG] default - 外部脚本数量: 2
[2019-12-16T09:30:46.100] [DEBUG] default - 处理脚本: swiper.4.5.0.min
[2019-12-16T09:30:46.100] [INFO] default - 读取文件: D:\work\人民图片\用户信息\src\resource\swiper.4.5.0.min.js
[2019-12-16T09:30:46.100] [DEBUG] default - 处理脚本: main
[2019-12-16T09:30:46.100] [INFO] default - 读取文件: D:\work\人民图片\用户信息\src\main.js
[2019-12-16T09:30:46.100] [DEBUG] default - 输出scriptData
[2019-12-16T09:30:46.101] [DEBUG] default - 准备输出html!
[2019-12-16T09:30:46.101] [DEBUG] default - 忽略文件: D:/work/人民图片/用户信息/src/resource/logo.png
[2019-12-16T09:30:46.101] [DEBUG] default - 忽略文件: D:/work/人民图片/用户信息/src/resource/people-picture-logo.png
[2019-12-16T09:30:46.101] [DEBUG] default - 忽略文件: D:/work/人民图片/用户信息/src/resource/customer.png
[2019-12-16T09:30:46.101] [DEBUG] default - 忽略文件: D:/work/人民图片/用户信息/src/resource/message.png
[2019-12-16T09:30:46.102] [DEBUG] default - 页面中不包含切换动画!
[2019-12-16T09:30:46.102] [INFO] default - 编译结束!
[2019-12-16T09:30:46.103] [INFO] default - 发送页面需要刷新命令!
[2019-12-16T09:30:46.103] [INFO] default - 读取成功: D:\work\人民图片\用户信息\src\main.js
[2019-12-16T09:30:46.104] [INFO] default - 写入文件: D:\work\人民图片\用户信息\dist\static\css\owo.main.css
[2019-12-16T09:30:46.104] [INFO] default - 主要逻辑文件写出成功!
[2019-12-16T09:30:46.104] [INFO] default - 写入文件: D:\work\人民图片\用户信息\dist\static\js\main.js
[2019-12-16T09:30:46.105] [INFO] default - 读取成功: D:\work\人民图片\用户信息\src\resource\swiper.4.5.0.min.js
[2019-12-16T09:30:46.106] [INFO] default - 写入文件: D:\work\人民图片\用户信息\dist\static\js\swiper.4.5.0.min.js
[2019-12-16T09:36:56.823] [INFO] default - file change: D:\work\人民图片\用户信息\src\page\home.owo
[2019-12-16T09:36:56.823] [INFO] default - --------------------------- 开始编译 ---------------------------
[2019-12-16T09:36:56.823] [INFO] default - 程序运行目录: D:\work\人民图片\用户信息
[2019-12-16T09:36:56.823] [INFO] default - 刷新模式,变化目录: D:\work\人民图片\用户信息\src\page\home.owo
[2019-12-16T09:36:56.823] [INFO] default - 读取模板文件: C:\Users\PG\Documents\GitHub\PG\lib\index.html
[2019-12-16T09:36:56.824] [DEBUG] default - 读取网页标题: {TAG_14226_TAG}
[2019-12-16T09:36:56.824] [DEBUG] default - 处理页面源信息: [{"http-equiv":"content-type","content":"text/html; charset=UTF-8"},{"name":"viewport","content":"width=1200, user-scalable=no"},{"name":"format-detection","content":"telephone=no, email=no"},{"name":"apple-mobile-web-app-capable","content":"yes"},{"name":"apple-mobile-web-app-status-bar-style","content":"white"},{"name":"renderer","content":"webkit"},{"http-equiv":"X-UA-Compatible","content":"IE=edge,chrome=1"},{"name":"filetype","content":"1"},{"name":"publishedtype","content":"1"},{"name":"pagetype","content":"2"},{"name":"screen-orientation","content":"landscape"},{"name":"x5-orientation","content":"landscape"},{"name":"full-screen","content":"yes"},{"name":"x5-fullscreen","content":"true"},{"name":"browsermode","content":"application"},{"name":"x5-page-mode","content":"app"}]
[2019-12-16T09:36:56.824] [INFO] default - 开始处理模块: home
[2019-12-16T09:36:56.834] [INFO] default - 开始处理模块: topBar
[2019-12-16T09:36:56.834] [DEBUG] default - 开始获取网络模板:https://owo.ink/public/516cb52409b4542205afc260bbd6a0d5.page
[2019-12-16T09:36:57.405] [DEBUG] default - 缓存模板: topBarhttps://owo.ink/public/516cb52409b4542205afc260bbd6a0d5.page
[2019-12-16T09:36:57.407] [DEBUG] default - 模块topBar处理用时: 573 毫秒!
[2019-12-16T09:36:57.407] [INFO] default - 开始处理模块: navBar
[2019-12-16T09:36:57.430] [DEBUG] default - 缓存模板: navBar./src/module/navBar.owo
[2019-12-16T09:36:57.443] [DEBUG] default - 模块navBar处理用时: 36 毫秒!
[2019-12-16T09:36:57.443] [INFO] default - 开始处理模块: customer
[2019-12-16T09:36:57.449] [DEBUG] default - 缓存模板: customer./src/module/customer.owo
[2019-12-16T09:36:57.454] [DEBUG] default - 模块customer处理用时: 11 毫秒!
[2019-12-16T09:36:57.454] [INFO] default - 开始处理模块: copyright
[2019-12-16T09:36:57.479] [DEBUG] default - 缓存模板: copyright./src/module/copyright.owo
[2019-12-16T09:36:57.485] [DEBUG] default - 模块copyright处理用时: 31 毫秒!
[2019-12-16T09:36:57.486] [DEBUG] default - 缓存模板: home./src/page/home.owo
[2019-12-16T09:36:57.487] [DEBUG] default - 页面home处理用时: 663 毫秒!
[2019-12-16T09:36:57.488] [DEBUG] default - 忽略文件: D:/work/人民图片/用户信息/src/resource/triangle.png
[2019-12-16T09:36:57.488] [DEBUG] default - css中的资源处理完毕!
[2019-12-16T09:36:57.488] [DEBUG] default - 使用postcss处理样式，使用了1个插件!
[2019-12-16T09:36:57.492] [INFO] default - 处理字体: {}
[2019-12-16T09:36:57.494] [INFO] default - 使用postcss处理完毕! 用时: 6 毫秒
[2019-12-16T09:36:57.494] [INFO] default - 正在处理script!
[2019-12-16T09:36:57.511] [INFO] default - 工程中只有一个页面!
[2019-12-16T09:36:57.511] [INFO] default - js中的资源处理完毕!
[2019-12-16T09:36:57.512] [DEBUG] default - 处理引用脚本: [{"name":"swiper.4.5.0.min","src":"./src/resource/swiper.4.5.0.min.js"},{"name":"main","src":"./src/main.js","resource":true}]
[2019-12-16T09:36:57.512] [DEBUG] default - 外部脚本数量: 2
[2019-12-16T09:36:57.512] [DEBUG] default - 处理脚本: swiper.4.5.0.min
[2019-12-16T09:36:57.512] [INFO] default - 读取文件: D:\work\人民图片\用户信息\src\resource\swiper.4.5.0.min.js
[2019-12-16T09:36:57.512] [DEBUG] default - 处理脚本: main
[2019-12-16T09:36:57.512] [INFO] default - 读取文件: D:\work\人民图片\用户信息\src\main.js
[2019-12-16T09:36:57.512] [DEBUG] default - 输出scriptData
[2019-12-16T09:36:57.512] [DEBUG] default - 准备输出html!
[2019-12-16T09:36:57.512] [DEBUG] default - 忽略文件: D:/work/人民图片/用户信息/src/resource/logo.png
[2019-12-16T09:36:57.512] [DEBUG] default - 忽略文件: D:/work/人民图片/用户信息/src/resource/people-picture-logo.png
[2019-12-16T09:36:57.512] [DEBUG] default - 忽略文件: D:/work/人民图片/用户信息/src/resource/customer.png
[2019-12-16T09:36:57.512] [DEBUG] default - 忽略文件: D:/work/人民图片/用户信息/src/resource/message.png
[2019-12-16T09:36:57.513] [DEBUG] default - 页面中不包含切换动画!
[2019-12-16T09:36:57.514] [INFO] default - 编译结束!
[2019-12-16T09:36:57.514] [INFO] default - 发送页面需要刷新命令!
[2019-12-16T09:36:57.516] [INFO] default - 写入文件: D:\work\人民图片\用户信息\dist\static\css\owo.main.css
[2019-12-16T09:36:57.516] [INFO] default - 主要逻辑文件写出成功!
[2019-12-16T09:36:57.517] [INFO] default - 读取成功: D:\work\人民图片\用户信息\src\main.js
[2019-12-16T09:36:57.518] [INFO] default - 写入文件: D:\work\人民图片\用户信息\dist\static\js\main.js
[2019-12-16T09:36:57.521] [INFO] default - 读取成功: D:\work\人民图片\用户信息\src\resource\swiper.4.5.0.min.js
[2019-12-16T09:36:57.523] [INFO] default - 写入文件: D:\work\人民图片\用户信息\dist\static\js\swiper.4.5.0.min.js
[2019-12-16T09:39:26.223] [INFO] default - file change: D:\work\人民图片\用户信息\src\module\navBar.owo
[2019-12-16T09:39:26.223] [INFO] default - --------------------------- 开始编译 ---------------------------
[2019-12-16T09:39:26.223] [INFO] default - 程序运行目录: D:\work\人民图片\用户信息
[2019-12-16T09:39:26.223] [INFO] default - 刷新模式,变化目录: D:\work\人民图片\用户信息\src\module\navBar.owo
[2019-12-16T09:39:26.223] [INFO] default - 读取模板文件: C:\Users\PG\Documents\GitHub\PG\lib\index.html
[2019-12-16T09:39:26.223] [DEBUG] default - 读取网页标题: {TAG_14226_TAG}
[2019-12-16T09:39:26.223] [DEBUG] default - 处理页面源信息: [{"http-equiv":"content-type","content":"text/html; charset=UTF-8"},{"name":"viewport","content":"width=1200, user-scalable=no"},{"name":"format-detection","content":"telephone=no, email=no"},{"name":"apple-mobile-web-app-capable","content":"yes"},{"name":"apple-mobile-web-app-status-bar-style","content":"white"},{"name":"renderer","content":"webkit"},{"http-equiv":"X-UA-Compatible","content":"IE=edge,chrome=1"},{"name":"filetype","content":"1"},{"name":"publishedtype","content":"1"},{"name":"pagetype","content":"2"},{"name":"screen-orientation","content":"landscape"},{"name":"x5-orientation","content":"landscape"},{"name":"full-screen","content":"yes"},{"name":"x5-fullscreen","content":"true"},{"name":"browsermode","content":"application"},{"name":"x5-page-mode","content":"app"}]
[2019-12-16T09:39:26.224] [INFO] default - 开始处理模块: home
[2019-12-16T09:39:26.231] [INFO] default - 开始处理模块: topBar
[2019-12-16T09:39:26.231] [DEBUG] default - 使用文件缓存:D:\work\人民图片\用户信息\owo_modules\6448565feeaa72775da51cf5498c85a5.owo
[2019-12-16T09:39:26.234] [DEBUG] default - 缓存模板: topBarhttps://owo.ink/public/516cb52409b4542205afc260bbd6a0d5.page
[2019-12-16T09:39:26.235] [DEBUG] default - 模块topBar处理用时: 4 毫秒!
[2019-12-16T09:39:26.235] [INFO] default - 开始处理模块: navBar
[2019-12-16T09:39:26.257] [DEBUG] default - 缓存模板: navBar./src/module/navBar.owo
[2019-12-16T09:39:26.270] [DEBUG] default - 模块navBar处理用时: 35 毫秒!
[2019-12-16T09:39:26.271] [INFO] default - 开始处理模块: customer
[2019-12-16T09:39:26.278] [DEBUG] default - 缓存模板: customer./src/module/customer.owo
[2019-12-16T09:39:26.282] [DEBUG] default - 模块customer处理用时: 12 毫秒!
[2019-12-16T09:39:26.283] [INFO] default - 开始处理模块: copyright
[2019-12-16T09:39:26.303] [DEBUG] default - 缓存模板: copyright./src/module/copyright.owo
[2019-12-16T09:39:26.308] [DEBUG] default - 模块copyright处理用时: 26 毫秒!
[2019-12-16T09:39:26.308] [DEBUG] default - 缓存模板: home./src/page/home.owo
[2019-12-16T09:39:26.309] [DEBUG] default - 页面home处理用时: 86 毫秒!
[2019-12-16T09:39:26.310] [DEBUG] default - 忽略文件: D:/work/人民图片/用户信息/src/resource/triangle.png
[2019-12-16T09:39:26.310] [DEBUG] default - css中的资源处理完毕!
[2019-12-16T09:39:26.310] [DEBUG] default - 使用postcss处理样式，使用了1个插件!
[2019-12-16T09:39:26.316] [INFO] default - 处理字体: {}
[2019-12-16T09:39:26.317] [INFO] default - 使用postcss处理完毕! 用时: 7 毫秒
[2019-12-16T09:39:26.317] [INFO] default - 正在处理script!
[2019-12-16T09:39:26.329] [INFO] default - 工程中只有一个页面!
[2019-12-16T09:39:26.330] [INFO] default - js中的资源处理完毕!
[2019-12-16T09:39:26.330] [DEBUG] default - 处理引用脚本: [{"name":"swiper.4.5.0.min","src":"./src/resource/swiper.4.5.0.min.js"},{"name":"main","src":"./src/main.js","resource":true}]
[2019-12-16T09:39:26.330] [DEBUG] default - 外部脚本数量: 2
[2019-12-16T09:39:26.330] [DEBUG] default - 处理脚本: swiper.4.5.0.min
[2019-12-16T09:39:26.330] [INFO] default - 读取文件: D:\work\人民图片\用户信息\src\resource\swiper.4.5.0.min.js
[2019-12-16T09:39:26.330] [DEBUG] default - 处理脚本: main
[2019-12-16T09:39:26.330] [INFO] default - 读取文件: D:\work\人民图片\用户信息\src\main.js
[2019-12-16T09:39:26.330] [DEBUG] default - 输出scriptData
[2019-12-16T09:39:26.330] [DEBUG] default - 准备输出html!
[2019-12-16T09:39:26.331] [DEBUG] default - 忽略文件: D:/work/人民图片/用户信息/src/resource/logo.png
[2019-12-16T09:39:26.331] [DEBUG] default - 忽略文件: D:/work/人民图片/用户信息/src/resource/people-picture-logo.png
[2019-12-16T09:39:26.331] [DEBUG] default - 忽略文件: D:/work/人民图片/用户信息/src/resource/customer.png
[2019-12-16T09:39:26.331] [DEBUG] default - 忽略文件: D:/work/人民图片/用户信息/src/resource/message.png
[2019-12-16T09:39:26.332] [DEBUG] default - 页面中不包含切换动画!
[2019-12-16T09:39:26.332] [INFO] default - 编译结束!
[2019-12-16T09:39:26.333] [INFO] default - 发送页面需要刷新命令!
[2019-12-16T09:39:26.333] [INFO] default - 读取成功: D:\work\人民图片\用户信息\src\main.js
[2019-12-16T09:39:26.333] [INFO] default - 写入文件: D:\work\人民图片\用户信息\dist\static\css\owo.main.css
[2019-12-16T09:39:26.334] [INFO] default - 主要逻辑文件写出成功!
[2019-12-16T09:39:26.334] [INFO] default - 写入文件: D:\work\人民图片\用户信息\dist\static\js\main.js
[2019-12-16T09:39:26.335] [INFO] default - 读取成功: D:\work\人民图片\用户信息\src\resource\swiper.4.5.0.min.js
[2019-12-16T09:39:26.336] [INFO] default - 写入文件: D:\work\人民图片\用户信息\dist\static\js\swiper.4.5.0.min.js
[2019-12-16T09:44:07.663] [INFO] default - file change: D:\work\人民图片\用户信息\src\page\home.owo
[2019-12-16T09:44:07.663] [INFO] default - --------------------------- 开始编译 ---------------------------
[2019-12-16T09:44:07.663] [INFO] default - 程序运行目录: D:\work\人民图片\用户信息
[2019-12-16T09:44:07.663] [INFO] default - 刷新模式,变化目录: D:\work\人民图片\用户信息\src\page\home.owo
[2019-12-16T09:44:07.663] [INFO] default - 读取模板文件: C:\Users\PG\Documents\GitHub\PG\lib\index.html
[2019-12-16T09:44:07.663] [DEBUG] default - 读取网页标题: {TAG_14226_TAG}
[2019-12-16T09:44:07.663] [DEBUG] default - 处理页面源信息: [{"http-equiv":"content-type","content":"text/html; charset=UTF-8"},{"name":"viewport","content":"width=1200, user-scalable=no"},{"name":"format-detection","content":"telephone=no, email=no"},{"name":"apple-mobile-web-app-capable","content":"yes"},{"name":"apple-mobile-web-app-status-bar-style","content":"white"},{"name":"renderer","content":"webkit"},{"http-equiv":"X-UA-Compatible","content":"IE=edge,chrome=1"},{"name":"filetype","content":"1"},{"name":"publishedtype","content":"1"},{"name":"pagetype","content":"2"},{"name":"screen-orientation","content":"landscape"},{"name":"x5-orientation","content":"landscape"},{"name":"full-screen","content":"yes"},{"name":"x5-fullscreen","content":"true"},{"name":"browsermode","content":"application"},{"name":"x5-page-mode","content":"app"}]
[2019-12-16T09:44:07.664] [INFO] default - 开始处理模块: home
[2019-12-16T09:44:07.673] [INFO] default - 开始处理模块: topBar
[2019-12-16T09:44:07.673] [DEBUG] default - 使用文件缓存:D:\work\人民图片\用户信息\owo_modules\6448565feeaa72775da51cf5498c85a5.owo
[2019-12-16T09:44:07.677] [DEBUG] default - 缓存模板: topBarhttps://owo.ink/public/516cb52409b4542205afc260bbd6a0d5.page
[2019-12-16T09:44:07.678] [DEBUG] default - 模块topBar处理用时: 5 毫秒!
[2019-12-16T09:44:07.678] [INFO] default - 开始处理模块: navBar
[2019-12-16T09:44:07.697] [DEBUG] default - 缓存模板: navBar./src/module/navBar.owo
[2019-12-16T09:44:07.710] [DEBUG] default - 模块navBar处理用时: 32 毫秒!
[2019-12-16T09:44:07.711] [INFO] default - 开始处理模块: searchBar
[2019-12-16T09:44:07.711] [DEBUG] default - 开始获取网络模板:https://owo.ink/public/8a51d57d400bee3d3e9d424b8b0ba33b.page
[2019-12-16T09:44:08.496] [DEBUG] default - 缓存模板: searchBarhttps://owo.ink/public/8a51d57d400bee3d3e9d424b8b0ba33b.page
[2019-12-16T09:44:08.503] [DEBUG] default - 模块searchBar处理用时: 793 毫秒!
[2019-12-16T09:44:08.503] [INFO] default - 开始处理模块: customer
[2019-12-16T09:44:08.508] [DEBUG] default - 缓存模板: customer./src/module/customer.owo
[2019-12-16T09:44:08.514] [DEBUG] default - 模块customer处理用时: 11 毫秒!
[2019-12-16T09:44:08.514] [INFO] default - 开始处理模块: copyright
[2019-12-16T09:44:08.536] [DEBUG] default - 缓存模板: copyright./src/module/copyright.owo
[2019-12-16T09:44:08.542] [DEBUG] default - 模块copyright处理用时: 28 毫秒!
[2019-12-16T09:44:08.543] [DEBUG] default - 缓存模板: home./src/page/home.owo
[2019-12-16T09:44:08.547] [DEBUG] default - 页面home处理用时: 883 毫秒!
[2019-12-16T09:44:08.548] [DEBUG] default - 忽略文件: D:/work/人民图片/用户信息/src/resource/triangle.png
[2019-12-16T09:44:08.548] [DEBUG] default - css中的资源处理完毕!
[2019-12-16T09:44:08.548] [DEBUG] default - 使用postcss处理样式，使用了1个插件!
[2019-12-16T09:44:08.553] [INFO] default - 处理字体: {}
[2019-12-16T09:44:08.555] [INFO] default - 使用postcss处理完毕! 用时: 7 毫秒
[2019-12-16T09:44:08.555] [INFO] default - 正在处理script!
[2019-12-16T09:44:08.570] [INFO] default - 工程中只有一个页面!
[2019-12-16T09:44:08.571] [INFO] default - js中的资源处理完毕!
[2019-12-16T09:44:08.571] [DEBUG] default - 处理引用脚本: [{"name":"swiper.4.5.0.min","src":"./src/resource/swiper.4.5.0.min.js"},{"name":"main","src":"./src/main.js","resource":true}]
[2019-12-16T09:44:08.571] [DEBUG] default - 外部脚本数量: 2
[2019-12-16T09:44:08.571] [DEBUG] default - 处理脚本: swiper.4.5.0.min
[2019-12-16T09:44:08.571] [INFO] default - 读取文件: D:\work\人民图片\用户信息\src\resource\swiper.4.5.0.min.js
[2019-12-16T09:44:08.571] [DEBUG] default - 处理脚本: main
[2019-12-16T09:44:08.571] [INFO] default - 读取文件: D:\work\人民图片\用户信息\src\main.js
[2019-12-16T09:44:08.571] [DEBUG] default - 输出scriptData
[2019-12-16T09:44:08.572] [DEBUG] default - 准备输出html!
[2019-12-16T09:44:08.572] [DEBUG] default - 忽略文件: D:/work/人民图片/用户信息/src/resource/logo.png
[2019-12-16T09:44:08.572] [DEBUG] default - 忽略文件: D:/work/人民图片/用户信息/src/resource/people-picture-logo.png
[2019-12-16T09:44:08.572] [DEBUG] default - 忽略文件: D:/work/人民图片/用户信息/src/resource/customer.png
[2019-12-16T09:44:08.572] [DEBUG] default - 忽略文件: D:/work/人民图片/用户信息/src/resource/message.png
[2019-12-16T09:44:08.573] [DEBUG] default - 页面中不包含切换动画!
[2019-12-16T09:44:08.573] [INFO] default - 编译结束!
[2019-12-16T09:44:08.574] [INFO] default - 发送页面需要刷新命令!
[2019-12-16T09:44:08.585] [INFO] default - 写入文件: D:\work\人民图片\用户信息\dist\static\css\owo.main.css
[2019-12-16T09:44:08.585] [INFO] default - 主要逻辑文件写出成功!
[2019-12-16T09:44:08.592] [INFO] default - 读取成功: D:\work\人民图片\用户信息\src\main.js
[2019-12-16T09:44:08.600] [INFO] default - 写入文件: D:\work\人民图片\用户信息\dist\static\js\main.js
[2019-12-16T09:44:08.604] [INFO] default - 读取成功: D:\work\人民图片\用户信息\src\resource\swiper.4.5.0.min.js
[2019-12-16T09:44:08.605] [INFO] default - 写入文件: D:\work\人民图片\用户信息\dist\static\js\swiper.4.5.0.min.js
[2019-12-16T09:47:45.306] [INFO] default - file change: D:\work\人民图片\用户信息\src\page\home.owo
[2019-12-16T09:47:45.306] [INFO] default - --------------------------- 开始编译 ---------------------------
[2019-12-16T09:47:45.307] [INFO] default - 程序运行目录: D:\work\人民图片\用户信息
[2019-12-16T09:47:45.307] [INFO] default - 刷新模式,变化目录: D:\work\人民图片\用户信息\src\page\home.owo
[2019-12-16T09:47:45.307] [INFO] default - 读取模板文件: C:\Users\PG\Documents\GitHub\PG\lib\index.html
[2019-12-16T09:47:45.307] [DEBUG] default - 读取网页标题: {TAG_14226_TAG}
[2019-12-16T09:47:45.307] [DEBUG] default - 处理页面源信息: [{"http-equiv":"content-type","content":"text/html; charset=UTF-8"},{"name":"viewport","content":"width=1200, user-scalable=no"},{"name":"format-detection","content":"telephone=no, email=no"},{"name":"apple-mobile-web-app-capable","content":"yes"},{"name":"apple-mobile-web-app-status-bar-style","content":"white"},{"name":"renderer","content":"webkit"},{"http-equiv":"X-UA-Compatible","content":"IE=edge,chrome=1"},{"name":"filetype","content":"1"},{"name":"publishedtype","content":"1"},{"name":"pagetype","content":"2"},{"name":"screen-orientation","content":"landscape"},{"name":"x5-orientation","content":"landscape"},{"name":"full-screen","content":"yes"},{"name":"x5-fullscreen","content":"true"},{"name":"browsermode","content":"application"},{"name":"x5-page-mode","content":"app"}]
[2019-12-16T09:47:45.307] [INFO] default - 开始处理模块: home
[2019-12-16T09:47:45.318] [INFO] default - 开始处理模块: topBar
[2019-12-16T09:47:45.318] [DEBUG] default - 使用文件缓存:D:\work\人民图片\用户信息\owo_modules\6448565feeaa72775da51cf5498c85a5.owo
[2019-12-16T09:47:45.320] [DEBUG] default - 缓存模板: topBarhttps://owo.ink/public/516cb52409b4542205afc260bbd6a0d5.page
[2019-12-16T09:47:45.321] [DEBUG] default - 模块topBar处理用时: 3 毫秒!
[2019-12-16T09:47:45.322] [INFO] default - 开始处理模块: navBar
[2019-12-16T09:47:45.339] [DEBUG] default - 缓存模板: navBar./src/module/navBar.owo
[2019-12-16T09:47:45.351] [DEBUG] default - 模块navBar处理用时: 30 毫秒!
[2019-12-16T09:47:45.352] [INFO] default - 开始处理模块: searchBar
[2019-12-16T09:47:45.352] [DEBUG] default - 使用文件缓存:D:\work\人民图片\用户信息\owo_modules\882bf7dcb1e828c3e5de1acd81e1ddf3.owo
[2019-12-16T09:47:45.360] [DEBUG] default - 缓存模板: searchBarhttps://owo.ink/public/8a51d57d400bee3d3e9d424b8b0ba33b.page
[2019-12-16T09:47:45.366] [DEBUG] default - 模块searchBar处理用时: 15 毫秒!
[2019-12-16T09:47:45.366] [INFO] default - 开始处理模块: customer
[2019-12-16T09:47:45.373] [DEBUG] default - 缓存模板: customer./src/module/customer.owo
[2019-12-16T09:47:45.376] [DEBUG] default - 模块customer处理用时: 10 毫秒!
[2019-12-16T09:47:45.376] [INFO] default - 开始处理模块: copyright
[2019-12-16T09:47:45.392] [DEBUG] default - 缓存模板: copyright./src/module/copyright.owo
[2019-12-16T09:47:45.396] [DEBUG] default - 模块copyright处理用时: 20 毫秒!
[2019-12-16T09:47:45.397] [DEBUG] default - 缓存模板: home./src/page/home.owo
[2019-12-16T09:47:45.398] [DEBUG] default - 页面home处理用时: 91 毫秒!
[2019-12-16T09:47:45.398] [DEBUG] default - 忽略文件: D:/work/人民图片/用户信息/src/resource/triangle.png
[2019-12-16T09:47:45.398] [DEBUG] default - css中的资源处理完毕!
[2019-12-16T09:47:45.398] [DEBUG] default - 使用postcss处理样式，使用了1个插件!
[2019-12-16T09:47:45.403] [INFO] default - 处理字体: {}
[2019-12-16T09:47:45.404] [INFO] default - 使用postcss处理完毕! 用时: 6 毫秒
[2019-12-16T09:47:45.404] [INFO] default - 正在处理script!
[2019-12-16T09:47:45.417] [INFO] default - 工程中只有一个页面!
[2019-12-16T09:47:45.418] [INFO] default - js中的资源处理完毕!
[2019-12-16T09:47:45.418] [DEBUG] default - 处理引用脚本: [{"name":"swiper.4.5.0.min","src":"./src/resource/swiper.4.5.0.min.js"},{"name":"main","src":"./src/main.js","resource":true}]
[2019-12-16T09:47:45.418] [DEBUG] default - 外部脚本数量: 2
[2019-12-16T09:47:45.418] [DEBUG] default - 处理脚本: swiper.4.5.0.min
[2019-12-16T09:47:45.418] [INFO] default - 读取文件: D:\work\人民图片\用户信息\src\resource\swiper.4.5.0.min.js
[2019-12-16T09:47:45.418] [DEBUG] default - 处理脚本: main
[2019-12-16T09:47:45.418] [INFO] default - 读取文件: D:\work\人民图片\用户信息\src\main.js
[2019-12-16T09:47:45.418] [DEBUG] default - 输出scriptData
[2019-12-16T09:47:45.418] [DEBUG] default - 准备输出html!
[2019-12-16T09:47:45.418] [DEBUG] default - 忽略文件: D:/work/人民图片/用户信息/src/resource/logo.png
[2019-12-16T09:47:45.418] [DEBUG] default - 忽略文件: D:/work/人民图片/用户信息/src/resource/people-picture-logo.png
[2019-12-16T09:47:45.418] [DEBUG] default - 忽略文件: D:/work/人民图片/用户信息/src/resource/customer.png
[2019-12-16T09:47:45.418] [DEBUG] default - 忽略文件: D:/work/人民图片/用户信息/src/resource/message.png
[2019-12-16T09:47:45.419] [DEBUG] default - 页面中不包含切换动画!
[2019-12-16T09:47:45.420] [INFO] default - 编译结束!
[2019-12-16T09:47:45.421] [INFO] default - 发送页面需要刷新命令!
[2019-12-16T09:47:45.421] [INFO] default - 读取成功: D:\work\人民图片\用户信息\src\main.js
[2019-12-16T09:47:45.422] [INFO] default - 主要逻辑文件写出成功!
[2019-12-16T09:47:45.422] [INFO] default - 写入文件: D:\work\人民图片\用户信息\dist\static\css\owo.main.css
[2019-12-16T09:47:45.422] [INFO] default - 写入文件: D:\work\人民图片\用户信息\dist\static\js\main.js
[2019-12-16T09:47:45.423] [INFO] default - 读取成功: D:\work\人民图片\用户信息\src\resource\swiper.4.5.0.min.js
[2019-12-16T09:47:45.424] [INFO] default - 写入文件: D:\work\人民图片\用户信息\dist\static\js\swiper.4.5.0.min.js
