[2019-12-12T16:40:43.715] [INFO] default - --------------------------- 开始编译 ---------------------------
[2019-12-12T16:40:43.717] [INFO] default - 程序运行目录: D:\work\人民图片\首页
[2019-12-12T16:40:43.717] [INFO] default - 首次启动!
[2019-12-12T16:40:43.717] [INFO] default - 生成版本号: y2spc82hen8
[2019-12-12T16:40:43.726] [INFO] default - 清理资源文件夹: D:\work\人民图片\首页\dist\static
[2019-12-12T16:40:43.726] [INFO] default - 文件夹不存在: D:\work\人民图片\首页\dist\static
[2019-12-12T16:40:43.727] [INFO] default - 创建文件夹: D:\work\人民图片\首页\dist\static
[2019-12-12T16:40:43.727] [INFO] default - 读取模板文件: C:\Users\PG\Documents\GitHub\PG\lib\index.html
[2019-12-12T16:40:43.727] [DEBUG] default - 读取网页标题: {TAG_14226_TAG}
[2019-12-12T16:40:43.727] [DEBUG] default - 处理页面源信息: [{"http-equiv":"content-type","content":"text/html; charset=UTF-8"},{"name":"viewport","content":"width=1200, user-scalable=no"},{"name":"format-detection","content":"telephone=no, email=no"},{"name":"apple-mobile-web-app-capable","content":"yes"},{"name":"apple-mobile-web-app-status-bar-style","content":"white"},{"name":"renderer","content":"webkit"},{"http-equiv":"X-UA-Compatible","content":"IE=edge,chrome=1"},{"name":"filetype","content":"1"},{"name":"publishedtype","content":"1"},{"name":"pagetype","content":"2"},{"name":"screen-orientation","content":"landscape"},{"name":"x5-orientation","content":"landscape"},{"name":"full-screen","content":"yes"},{"name":"x5-fullscreen","content":"true"},{"name":"browsermode","content":"application"},{"name":"x5-page-mode","content":"app"}]
[2019-12-12T16:40:43.728] [INFO] default - 开始处理模块: home
[2019-12-12T16:40:45.094] [INFO] default - 开始处理模块: topBar
[2019-12-12T16:40:45.094] [DEBUG] default - 使用文件缓存:D:\work\人民图片\首页\owo_modules\fc53162a6282bce0734812bfaa4f41a5.owo
[2019-12-12T16:40:45.102] [DEBUG] default - 缓存模板: topBarhttps://owo.ink/public/bc77e0f072a2eea00ecd79c64034dea9.page
[2019-12-12T16:40:45.108] [DEBUG] default - 模块topBar处理用时: 15 毫秒!
[2019-12-12T16:40:45.108] [INFO] default - 开始处理模块: navBar
[2019-12-12T16:40:45.135] [DEBUG] default - 缓存模板: navBar./src/module/navBar.owo
[2019-12-12T16:40:45.222] [DEBUG] default - 模块navBar处理用时: 114 毫秒!
[2019-12-12T16:40:45.223] [INFO] default - 开始处理模块: swiperBox
[2019-12-12T16:40:45.234] [DEBUG] default - 缓存模板: swiperBox./src/module/swiperBox.owo
[2019-12-12T16:40:45.240] [DEBUG] default - 模块swiperBox处理用时: 18 毫秒!
[2019-12-12T16:40:45.241] [INFO] default - 开始处理模块: searchBar
[2019-12-12T16:40:45.255] [DEBUG] default - 缓存模板: searchBar./src/module/searchBar.owo
[2019-12-12T16:40:45.262] [DEBUG] default - 模块searchBar处理用时: 21 毫秒!
[2019-12-12T16:40:45.262] [INFO] default - 开始处理模块: titleMore
[2019-12-12T16:40:45.266] [DEBUG] default - 缓存模板: titleMore./src/module/titleMore.owo
[2019-12-12T16:40:45.268] [DEBUG] default - 模块titleMore处理用时: 6 毫秒!
[2019-12-12T16:40:45.268] [INFO] default - 开始处理模块: twoImage
[2019-12-12T16:40:45.272] [DEBUG] default - 缓存模板: twoImage./src/module/twoImage.owo
[2019-12-12T16:40:45.275] [DEBUG] default - 模块twoImage处理用时: 7 毫秒!
[2019-12-12T16:40:45.275] [DEBUG] default - 模块 titleMore 因名称重复被重命名为 titleMore-1
[2019-12-12T16:40:45.275] [INFO] default - 开始处理模块: titleMore-1
[2019-12-12T16:40:45.278] [DEBUG] default - 智能跳过打包titleMore./src/module/titleMore.owo的重复样式!
[2019-12-12T16:40:45.279] [DEBUG] default - 模块titleMore处理用时: 4 毫秒!
[2019-12-12T16:40:45.279] [INFO] default - 开始处理模块: iconList
[2019-12-12T16:40:45.284] [DEBUG] default - 缓存模板: iconList./src/module/iconList.owo
[2019-12-12T16:40:45.288] [DEBUG] default - 模块iconList处理用时: 9 毫秒!
[2019-12-12T16:40:45.288] [INFO] default - 开始处理模块: recommend
[2019-12-12T16:40:45.304] [DEBUG] default - 缓存模板: recommend./src/module/recommend.owo
[2019-12-12T16:40:45.311] [DEBUG] default - 模块recommend处理用时: 23 毫秒!
[2019-12-12T16:40:45.311] [INFO] default - 开始处理模块: navBar2
[2019-12-12T16:40:45.319] [DEBUG] default - 缓存模板: navBar2./src/module/navBar2.owo
[2019-12-12T16:40:45.324] [DEBUG] default - 模块navBar2处理用时: 13 毫秒!
[2019-12-12T16:40:45.324] [INFO] default - 开始处理模块: expandableImageBox
[2019-12-12T16:40:45.400] [DEBUG] default - 缓存模板: expandableImageBox./src/module/expandableImageBox.owo
[2019-12-12T16:40:45.413] [DEBUG] default - 模块expandableImageBox处理用时: 89 毫秒!
[2019-12-12T16:40:45.413] [DEBUG] default - 模块 expandableImageBox 因名称重复被重命名为 expandableImageBox-1
[2019-12-12T16:40:45.413] [INFO] default - 开始处理模块: expandableImageBox-1
[2019-12-12T16:40:45.449] [DEBUG] default - 智能跳过打包expandableImageBox./src/module/expandableImageBox.owo的重复样式!
[2019-12-12T16:40:45.456] [DEBUG] default - 模块expandableImageBox处理用时: 43 毫秒!
[2019-12-12T16:40:45.456] [DEBUG] default - 模块 expandableImageBox 因名称重复被重命名为 expandableImageBox-2
[2019-12-12T16:40:45.456] [INFO] default - 开始处理模块: expandableImageBox-2
[2019-12-12T16:40:45.491] [DEBUG] default - 智能跳过打包expandableImageBox./src/module/expandableImageBox.owo的重复样式!
[2019-12-12T16:40:45.497] [DEBUG] default - 模块expandableImageBox处理用时: 41 毫秒!
[2019-12-12T16:40:45.498] [DEBUG] default - 模块 expandableImageBox 因名称重复被重命名为 expandableImageBox-3
[2019-12-12T16:40:45.498] [INFO] default - 开始处理模块: expandableImageBox-3
[2019-12-12T16:40:45.532] [DEBUG] default - 智能跳过打包expandableImageBox./src/module/expandableImageBox.owo的重复样式!
[2019-12-12T16:40:45.537] [DEBUG] default - 模块expandableImageBox处理用时: 39 毫秒!
[2019-12-12T16:40:45.537] [DEBUG] default - 模块 expandableImageBox 因名称重复被重命名为 expandableImageBox-4
[2019-12-12T16:40:45.537] [INFO] default - 开始处理模块: expandableImageBox-4
[2019-12-12T16:40:45.563] [DEBUG] default - 智能跳过打包expandableImageBox./src/module/expandableImageBox.owo的重复样式!
[2019-12-12T16:40:45.568] [DEBUG] default - 模块expandableImageBox处理用时: 31 毫秒!
[2019-12-12T16:40:45.568] [INFO] default - 开始处理模块: customer
[2019-12-12T16:40:45.576] [DEBUG] default - 缓存模板: customer./src/module/customer.owo
[2019-12-12T16:40:45.580] [DEBUG] default - 模块customer处理用时: 12 毫秒!
[2019-12-12T16:40:45.580] [INFO] default - 开始处理模块: copyright
[2019-12-12T16:40:45.599] [DEBUG] default - 缓存模板: copyright./src/module/copyright.owo
[2019-12-12T16:40:45.605] [DEBUG] default - 模块copyright处理用时: 25 毫秒!
[2019-12-12T16:40:45.612] [DEBUG] default - 缓存模板: home./src/page/home.owo
[2019-12-12T16:40:45.614] [DEBUG] default - 页面home处理用时: 1886 毫秒!
[2019-12-12T16:40:45.616] [INFO] default - 文件夹不存在: D:/work/人民图片/首页/dist/static/resource
[2019-12-12T16:40:45.616] [INFO] default - 创建文件夹: D:/work/人民图片/首页/dist/static/resource
[2019-12-12T16:40:45.618] [DEBUG] default - 处理资源:  [ 'D:/work/人民图片/首页/src/resource/triangle.png',
  'D:/work/人民图片/首页/src/resource/drop-down.png',
  'D:/work/人民图片/首页/src/resource/search.png',
  'D:/work/人民图片/首页/src/resource/list-icon.png' ]
[2019-12-12T16:40:45.619] [DEBUG] default - 资源目录:  D:/work/人民图片/首页/dist/static/resource
[2019-12-12T16:40:45.620] [DEBUG] default - css中的资源处理完毕!
[2019-12-12T16:40:46.152] [DEBUG] default - 使用postcss处理样式，使用了1个插件!
[2019-12-12T16:40:46.221] [INFO] default - 文件夹不存在: D:\work\人民图片\首页\dist\static\css
[2019-12-12T16:40:46.221] [INFO] default - 创建文件夹: D:\work\人民图片\首页\dist\static\css
[2019-12-12T16:40:46.221] [INFO] default - 开始处理附属css中的资源
[2019-12-12T16:40:46.222] [INFO] default - 附属css中的资源处理完毕!
[2019-12-12T16:40:46.222] [INFO] default - 读取文件: D:\work\人民图片\首页\src\resource\swiper.4.5.0.min.css
[2019-12-12T16:40:46.222] [INFO] default - 附属css中的资源不需要处理!
[2019-12-12T16:40:46.222] [INFO] default - 处理字体: {}
[2019-12-12T16:40:46.348] [INFO] default - 使用postcss处理完毕! 用时: 196 毫秒
[2019-12-12T16:40:46.349] [INFO] default - 正在处理script!
[2019-12-12T16:40:46.951] [INFO] default - 工程中只有一个页面!
[2019-12-12T16:40:46.952] [INFO] default - js中的资源处理完毕!
[2019-12-12T16:40:46.952] [DEBUG] default - 处理引用脚本: [{"name":"swiper.4.5.0.min","src":"./src/resource/swiper.4.5.0.min.js"},{"name":"main","src":"./src/main.js","resource":true}]
[2019-12-12T16:40:46.953] [DEBUG] default - 外部脚本数量: 2
[2019-12-12T16:40:46.953] [DEBUG] default - 处理脚本: swiper.4.5.0.min
[2019-12-12T16:40:46.953] [INFO] default - 读取文件: D:\work\人民图片\首页\src\resource\swiper.4.5.0.min.js
[2019-12-12T16:40:46.953] [DEBUG] default - 处理脚本: main
[2019-12-12T16:40:46.953] [INFO] default - 读取文件: D:\work\人民图片\首页\src\main.js
[2019-12-12T16:40:46.953] [DEBUG] default - 输出scriptData
[2019-12-12T16:40:46.954] [DEBUG] default - 准备输出html!
[2019-12-12T16:40:46.954] [DEBUG] default - 处理资源:  [ 'D:/work/人民图片/首页/src/resource/logo.png',
  'D:/work/人民图片/首页/src/resource/people-picture-logo.png',
  'D:/work/人民图片/首页/src/resource/top.png',
  'D:/work/人民图片/首页/src/resource/bottom.png',
  'D:/work/人民图片/首页/src/resource/recommend-title.png',
  'D:/work/人民图片/首页/src/resource/more.png',
  'D:/work/人民图片/首页/src/resource/customer.png',
  'D:/work/人民图片/首页/src/resource/message.png' ]
[2019-12-12T16:40:46.954] [DEBUG] default - 资源目录:  D:/work/人民图片/首页/dist/static/resource
[2019-12-12T16:40:46.956] [INFO] default - 文件夹不存在: D:\work\人民图片\首页\dist\static\js
[2019-12-12T16:40:46.956] [INFO] default - 创建文件夹: D:\work\人民图片\首页\dist\static\js
[2019-12-12T16:40:46.956] [DEBUG] default - 页面中不包含切换动画!
[2019-12-12T16:40:46.957] [INFO] default - 编译结束!
[2019-12-12T16:40:46.958] [INFO] default - 发送页面需要刷新命令!
[2019-12-12T16:40:46.976] [INFO] default - 写入文件: D:\work\人民图片\首页\dist\static\css\owo.main.css
[2019-12-12T16:40:46.976] [INFO] default - 主要逻辑文件写出成功!
[2019-12-12T16:40:46.976] [INFO] default - 读取成功: D:\work\人民图片\首页\src\main.css
[2019-12-12T16:40:46.977] [INFO] default - 读取成功: D:\work\人民图片\首页\src\main.js
[2019-12-12T16:40:47.206] [INFO] default - 写入文件: D:\work\人民图片\首页\dist\static\css\main.css
[2019-12-12T16:40:47.206] [INFO] default - 写入文件: D:\work\人民图片\首页\dist\static\js\main.js
[2019-12-12T16:40:47.283] [INFO] default - 读取成功: D:\work\人民图片\首页\src\resource\swiper.4.5.0.min.css
[2019-12-12T16:40:47.291] [INFO] default - 写入文件: D:\work\人民图片\首页\dist\static\css\swiper.4.5.0.min.css
[2019-12-12T16:40:47.301] [INFO] default - 读取成功: D:\work\人民图片\首页\src\resource\swiper.4.5.0.min.js
[2019-12-12T16:40:47.331] [INFO] default - 写入文件: D:\work\人民图片\首页\dist\static\js\swiper.4.5.0.min.js
[2019-12-12T16:41:35.656] [INFO] default - file change: D:\work\人民图片\首页\src\main.css
[2019-12-12T16:41:35.656] [INFO] default - --------------------------- 开始编译 ---------------------------
[2019-12-12T16:41:35.656] [INFO] default - 程序运行目录: D:\work\人民图片\首页
[2019-12-12T16:41:35.656] [INFO] default - 刷新模式,变化目录: D:\work\人民图片\首页\src\main.css
[2019-12-12T16:41:35.656] [INFO] default - 读取模板文件: C:\Users\PG\Documents\GitHub\PG\lib\index.html
[2019-12-12T16:41:35.657] [DEBUG] default - 读取网页标题: {TAG_14226_TAG}
[2019-12-12T16:41:35.657] [DEBUG] default - 处理页面源信息: [{"http-equiv":"content-type","content":"text/html; charset=UTF-8"},{"name":"viewport","content":"width=1200, user-scalable=no"},{"name":"format-detection","content":"telephone=no, email=no"},{"name":"apple-mobile-web-app-capable","content":"yes"},{"name":"apple-mobile-web-app-status-bar-style","content":"white"},{"name":"renderer","content":"webkit"},{"http-equiv":"X-UA-Compatible","content":"IE=edge,chrome=1"},{"name":"filetype","content":"1"},{"name":"publishedtype","content":"1"},{"name":"pagetype","content":"2"},{"name":"screen-orientation","content":"landscape"},{"name":"x5-orientation","content":"landscape"},{"name":"full-screen","content":"yes"},{"name":"x5-fullscreen","content":"true"},{"name":"browsermode","content":"application"},{"name":"x5-page-mode","content":"app"}]
[2019-12-12T16:41:35.657] [INFO] default - 开始处理模块: home
[2019-12-12T16:41:35.685] [INFO] default - 开始处理模块: topBar
[2019-12-12T16:41:35.685] [DEBUG] default - 使用文件缓存:D:\work\人民图片\首页\owo_modules\fc53162a6282bce0734812bfaa4f41a5.owo
[2019-12-12T16:41:35.687] [DEBUG] default - 缓存模板: topBarhttps://owo.ink/public/bc77e0f072a2eea00ecd79c64034dea9.page
[2019-12-12T16:41:35.689] [DEBUG] default - 模块topBar处理用时: 5 毫秒!
[2019-12-12T16:41:35.689] [INFO] default - 开始处理模块: navBar
[2019-12-12T16:41:35.714] [DEBUG] default - 缓存模板: navBar./src/module/navBar.owo
[2019-12-12T16:41:35.728] [DEBUG] default - 模块navBar处理用时: 39 毫秒!
[2019-12-12T16:41:35.729] [INFO] default - 开始处理模块: swiperBox
[2019-12-12T16:41:35.738] [DEBUG] default - 缓存模板: swiperBox./src/module/swiperBox.owo
[2019-12-12T16:41:35.744] [DEBUG] default - 模块swiperBox处理用时: 16 毫秒!
[2019-12-12T16:41:35.744] [INFO] default - 开始处理模块: searchBar
[2019-12-12T16:41:35.753] [DEBUG] default - 缓存模板: searchBar./src/module/searchBar.owo
[2019-12-12T16:41:35.757] [DEBUG] default - 模块searchBar处理用时: 13 毫秒!
[2019-12-12T16:41:35.757] [INFO] default - 开始处理模块: titleMore
[2019-12-12T16:41:35.760] [DEBUG] default - 缓存模板: titleMore./src/module/titleMore.owo
[2019-12-12T16:41:35.763] [DEBUG] default - 模块titleMore处理用时: 6 毫秒!
[2019-12-12T16:41:35.763] [INFO] default - 开始处理模块: twoImage
[2019-12-12T16:41:35.765] [DEBUG] default - 缓存模板: twoImage./src/module/twoImage.owo
[2019-12-12T16:41:35.767] [DEBUG] default - 模块twoImage处理用时: 4 毫秒!
[2019-12-12T16:41:35.768] [DEBUG] default - 模块 titleMore 因名称重复被重命名为 titleMore-1
[2019-12-12T16:41:35.768] [INFO] default - 开始处理模块: titleMore-1
[2019-12-12T16:41:35.770] [DEBUG] default - 智能跳过打包titleMore./src/module/titleMore.owo的重复样式!
[2019-12-12T16:41:35.771] [DEBUG] default - 模块titleMore处理用时: 3 毫秒!
[2019-12-12T16:41:35.771] [INFO] default - 开始处理模块: iconList
[2019-12-12T16:41:35.774] [DEBUG] default - 缓存模板: iconList./src/module/iconList.owo
[2019-12-12T16:41:35.777] [DEBUG] default - 模块iconList处理用时: 6 毫秒!
[2019-12-12T16:41:35.777] [INFO] default - 开始处理模块: recommend
[2019-12-12T16:41:35.792] [DEBUG] default - 缓存模板: recommend./src/module/recommend.owo
[2019-12-12T16:41:35.798] [DEBUG] default - 模块recommend处理用时: 21 毫秒!
[2019-12-12T16:41:35.798] [INFO] default - 开始处理模块: navBar2
[2019-12-12T16:41:35.809] [DEBUG] default - 缓存模板: navBar2./src/module/navBar2.owo
[2019-12-12T16:41:35.813] [DEBUG] default - 模块navBar2处理用时: 15 毫秒!
[2019-12-12T16:41:35.813] [INFO] default - 开始处理模块: expandableImageBox
[2019-12-12T16:41:35.844] [DEBUG] default - 缓存模板: expandableImageBox./src/module/expandableImageBox.owo
[2019-12-12T16:41:35.854] [DEBUG] default - 模块expandableImageBox处理用时: 41 毫秒!
[2019-12-12T16:41:35.854] [DEBUG] default - 模块 expandableImageBox 因名称重复被重命名为 expandableImageBox-1
[2019-12-12T16:41:35.854] [INFO] default - 开始处理模块: expandableImageBox-1
[2019-12-12T16:41:35.892] [DEBUG] default - 智能跳过打包expandableImageBox./src/module/expandableImageBox.owo的重复样式!
[2019-12-12T16:41:35.901] [DEBUG] default - 模块expandableImageBox处理用时: 47 毫秒!
[2019-12-12T16:41:35.901] [DEBUG] default - 模块 expandableImageBox 因名称重复被重命名为 expandableImageBox-2
[2019-12-12T16:41:35.901] [INFO] default - 开始处理模块: expandableImageBox-2
[2019-12-12T16:41:35.935] [DEBUG] default - 智能跳过打包expandableImageBox./src/module/expandableImageBox.owo的重复样式!
[2019-12-12T16:41:35.940] [DEBUG] default - 模块expandableImageBox处理用时: 39 毫秒!
[2019-12-12T16:41:35.940] [DEBUG] default - 模块 expandableImageBox 因名称重复被重命名为 expandableImageBox-3
[2019-12-12T16:41:35.940] [INFO] default - 开始处理模块: expandableImageBox-3
[2019-12-12T16:41:35.962] [DEBUG] default - 智能跳过打包expandableImageBox./src/module/expandableImageBox.owo的重复样式!
[2019-12-12T16:41:35.968] [DEBUG] default - 模块expandableImageBox处理用时: 28 毫秒!
[2019-12-12T16:41:35.968] [DEBUG] default - 模块 expandableImageBox 因名称重复被重命名为 expandableImageBox-4
[2019-12-12T16:41:35.968] [INFO] default - 开始处理模块: expandableImageBox-4
[2019-12-12T16:41:36.001] [DEBUG] default - 智能跳过打包expandableImageBox./src/module/expandableImageBox.owo的重复样式!
[2019-12-12T16:41:36.006] [DEBUG] default - 模块expandableImageBox处理用时: 38 毫秒!
[2019-12-12T16:41:36.006] [INFO] default - 开始处理模块: customer
[2019-12-12T16:41:36.012] [DEBUG] default - 缓存模板: customer./src/module/customer.owo
[2019-12-12T16:41:36.016] [DEBUG] default - 模块customer处理用时: 10 毫秒!
[2019-12-12T16:41:36.016] [INFO] default - 开始处理模块: copyright
[2019-12-12T16:41:36.038] [DEBUG] default - 缓存模板: copyright./src/module/copyright.owo
[2019-12-12T16:41:36.051] [DEBUG] default - 模块copyright处理用时: 35 毫秒!
[2019-12-12T16:41:36.066] [DEBUG] default - 缓存模板: home./src/page/home.owo
[2019-12-12T16:41:36.069] [DEBUG] default - 页面home处理用时: 412 毫秒!
[2019-12-12T16:41:36.070] [DEBUG] default - 忽略文件: D:/work/人民图片/首页/src/resource/triangle.png
[2019-12-12T16:41:36.070] [DEBUG] default - 忽略文件: D:/work/人民图片/首页/src/resource/drop-down.png
[2019-12-12T16:41:36.070] [DEBUG] default - 忽略文件: D:/work/人民图片/首页/src/resource/search.png
[2019-12-12T16:41:36.070] [DEBUG] default - 忽略文件: D:/work/人民图片/首页/src/resource/list-icon.png
[2019-12-12T16:41:36.070] [DEBUG] default - css中的资源处理完毕!
[2019-12-12T16:41:36.070] [DEBUG] default - 使用postcss处理样式，使用了1个插件!
[2019-12-12T16:41:36.084] [INFO] default - 开始处理附属css中的资源
[2019-12-12T16:41:36.084] [INFO] default - 附属css中的资源处理完毕!
[2019-12-12T16:41:36.084] [INFO] default - 处理字体: {}
[2019-12-12T16:41:36.087] [INFO] default - 使用postcss处理完毕! 用时: 17 毫秒
[2019-12-12T16:41:36.087] [INFO] default - 正在处理script!
[2019-12-12T16:41:36.148] [INFO] default - 工程中只有一个页面!
[2019-12-12T16:41:36.148] [INFO] default - js中的资源处理完毕!
[2019-12-12T16:41:36.149] [DEBUG] default - 处理引用脚本: [{"name":"swiper.4.5.0.min","src":"./src/resource/swiper.4.5.0.min.js"},{"name":"main","src":"./src/main.js","resource":true}]
[2019-12-12T16:41:36.149] [DEBUG] default - 外部脚本数量: 2
[2019-12-12T16:41:36.149] [DEBUG] default - 处理脚本: swiper.4.5.0.min
[2019-12-12T16:41:36.149] [INFO] default - 读取文件: D:\work\人民图片\首页\src\resource\swiper.4.5.0.min.js
[2019-12-12T16:41:36.149] [DEBUG] default - 处理脚本: main
[2019-12-12T16:41:36.149] [INFO] default - 读取文件: D:\work\人民图片\首页\src\main.js
[2019-12-12T16:41:36.149] [DEBUG] default - 输出scriptData
[2019-12-12T16:41:36.149] [DEBUG] default - 准备输出html!
[2019-12-12T16:41:36.149] [DEBUG] default - 忽略文件: D:/work/人民图片/首页/src/resource/logo.png
[2019-12-12T16:41:36.150] [DEBUG] default - 忽略文件: D:/work/人民图片/首页/src/resource/people-picture-logo.png
[2019-12-12T16:41:36.150] [DEBUG] default - 忽略文件: D:/work/人民图片/首页/src/resource/top.png
[2019-12-12T16:41:36.150] [DEBUG] default - 忽略文件: D:/work/人民图片/首页/src/resource/bottom.png
[2019-12-12T16:41:36.150] [DEBUG] default - 忽略文件: D:/work/人民图片/首页/src/resource/recommend-title.png
[2019-12-12T16:41:36.150] [DEBUG] default - 忽略文件: D:/work/人民图片/首页/src/resource/more.png
[2019-12-12T16:41:36.150] [DEBUG] default - 忽略文件: D:/work/人民图片/首页/src/resource/customer.png
[2019-12-12T16:41:36.150] [DEBUG] default - 忽略文件: D:/work/人民图片/首页/src/resource/message.png
[2019-12-12T16:41:36.151] [DEBUG] default - 页面中不包含切换动画!
[2019-12-12T16:41:36.152] [INFO] default - 编译结束!
[2019-12-12T16:41:36.153] [INFO] default - 发送页面需要刷新命令!
[2019-12-12T16:41:36.154] [INFO] default - 读取成功: D:\work\人民图片\首页\src\main.css
[2019-12-12T16:41:36.154] [INFO] default - 写入文件: D:\work\人民图片\首页\dist\static\css\owo.main.css
[2019-12-12T16:41:36.154] [INFO] default - 主要逻辑文件写出成功!
[2019-12-12T16:41:36.154] [INFO] default - 读取成功: D:\work\人民图片\首页\src\main.js
[2019-12-12T16:41:36.155] [INFO] default - 写入文件: D:\work\人民图片\首页\dist\static\css\main.css
[2019-12-12T16:41:36.155] [INFO] default - 写入文件: D:\work\人民图片\首页\dist\static\js\main.js
[2019-12-12T16:41:36.156] [INFO] default - 读取成功: D:\work\人民图片\首页\src\resource\swiper.4.5.0.min.js
[2019-12-12T16:41:36.156] [INFO] default - 写入文件: D:\work\人民图片\首页\dist\static\js\swiper.4.5.0.min.js
[2019-12-12T16:42:31.938] [INFO] default - file change: D:\work\人民图片\首页\src\module\searchBar.owo
[2019-12-12T16:42:31.938] [INFO] default - --------------------------- 开始编译 ---------------------------
[2019-12-12T16:42:31.938] [INFO] default - 程序运行目录: D:\work\人民图片\首页
[2019-12-12T16:42:31.938] [INFO] default - 刷新模式,变化目录: D:\work\人民图片\首页\src\module\searchBar.owo
[2019-12-12T16:42:31.938] [INFO] default - 读取模板文件: C:\Users\PG\Documents\GitHub\PG\lib\index.html
[2019-12-12T16:42:31.938] [DEBUG] default - 读取网页标题: {TAG_14226_TAG}
[2019-12-12T16:42:31.938] [DEBUG] default - 处理页面源信息: [{"http-equiv":"content-type","content":"text/html; charset=UTF-8"},{"name":"viewport","content":"width=1200, user-scalable=no"},{"name":"format-detection","content":"telephone=no, email=no"},{"name":"apple-mobile-web-app-capable","content":"yes"},{"name":"apple-mobile-web-app-status-bar-style","content":"white"},{"name":"renderer","content":"webkit"},{"http-equiv":"X-UA-Compatible","content":"IE=edge,chrome=1"},{"name":"filetype","content":"1"},{"name":"publishedtype","content":"1"},{"name":"pagetype","content":"2"},{"name":"screen-orientation","content":"landscape"},{"name":"x5-orientation","content":"landscape"},{"name":"full-screen","content":"yes"},{"name":"x5-fullscreen","content":"true"},{"name":"browsermode","content":"application"},{"name":"x5-page-mode","content":"app"}]
[2019-12-12T16:42:31.938] [INFO] default - 开始处理模块: home
[2019-12-12T16:42:31.955] [INFO] default - 开始处理模块: topBar
[2019-12-12T16:42:31.955] [DEBUG] default - 使用文件缓存:D:\work\人民图片\首页\owo_modules\fc53162a6282bce0734812bfaa4f41a5.owo
[2019-12-12T16:42:31.957] [DEBUG] default - 缓存模板: topBarhttps://owo.ink/public/bc77e0f072a2eea00ecd79c64034dea9.page
[2019-12-12T16:42:31.958] [DEBUG] default - 模块topBar处理用时: 4 毫秒!
[2019-12-12T16:42:31.959] [INFO] default - 开始处理模块: navBar
[2019-12-12T16:42:31.973] [DEBUG] default - 缓存模板: navBar./src/module/navBar.owo
[2019-12-12T16:42:31.984] [DEBUG] default - 模块navBar处理用时: 25 毫秒!
[2019-12-12T16:42:31.984] [INFO] default - 开始处理模块: swiperBox
[2019-12-12T16:42:31.991] [DEBUG] default - 缓存模板: swiperBox./src/module/swiperBox.owo
[2019-12-12T16:42:31.999] [DEBUG] default - 模块swiperBox处理用时: 15 毫秒!
[2019-12-12T16:42:32.000] [INFO] default - 开始处理模块: searchBar
[2019-12-12T16:42:32.005] [DEBUG] default - 缓存模板: searchBar./src/module/searchBar.owo
[2019-12-12T16:42:32.009] [DEBUG] default - 模块searchBar处理用时: 10 毫秒!
[2019-12-12T16:42:32.010] [INFO] default - 开始处理模块: titleMore
[2019-12-12T16:42:32.012] [DEBUG] default - 缓存模板: titleMore./src/module/titleMore.owo
[2019-12-12T16:42:32.014] [DEBUG] default - 模块titleMore处理用时: 4 毫秒!
[2019-12-12T16:42:32.014] [INFO] default - 开始处理模块: twoImage
[2019-12-12T16:42:32.018] [DEBUG] default - 缓存模板: twoImage./src/module/twoImage.owo
[2019-12-12T16:42:32.021] [DEBUG] default - 模块twoImage处理用时: 7 毫秒!
[2019-12-12T16:42:32.021] [DEBUG] default - 模块 titleMore 因名称重复被重命名为 titleMore-1
[2019-12-12T16:42:32.021] [INFO] default - 开始处理模块: titleMore-1
[2019-12-12T16:42:32.022] [DEBUG] default - 智能跳过打包titleMore./src/module/titleMore.owo的重复样式!
[2019-12-12T16:42:32.023] [DEBUG] default - 模块titleMore处理用时: 2 毫秒!
[2019-12-12T16:42:32.023] [INFO] default - 开始处理模块: iconList
[2019-12-12T16:42:32.025] [DEBUG] default - 缓存模板: iconList./src/module/iconList.owo
[2019-12-12T16:42:32.028] [DEBUG] default - 模块iconList处理用时: 5 毫秒!
[2019-12-12T16:42:32.029] [INFO] default - 开始处理模块: recommend
[2019-12-12T16:42:32.039] [DEBUG] default - 缓存模板: recommend./src/module/recommend.owo
[2019-12-12T16:42:32.045] [DEBUG] default - 模块recommend处理用时: 17 毫秒!
[2019-12-12T16:42:32.046] [INFO] default - 开始处理模块: navBar2
[2019-12-12T16:42:32.053] [DEBUG] default - 缓存模板: navBar2./src/module/navBar2.owo
[2019-12-12T16:42:32.056] [DEBUG] default - 模块navBar2处理用时: 10 毫秒!
[2019-12-12T16:42:32.058] [INFO] default - 开始处理模块: expandableImageBox
[2019-12-12T16:42:32.082] [DEBUG] default - 缓存模板: expandableImageBox./src/module/expandableImageBox.owo
[2019-12-12T16:42:32.091] [DEBUG] default - 模块expandableImageBox处理用时: 33 毫秒!
[2019-12-12T16:42:32.091] [DEBUG] default - 模块 expandableImageBox 因名称重复被重命名为 expandableImageBox-1
[2019-12-12T16:42:32.091] [INFO] default - 开始处理模块: expandableImageBox-1
[2019-12-12T16:42:32.116] [DEBUG] default - 智能跳过打包expandableImageBox./src/module/expandableImageBox.owo的重复样式!
[2019-12-12T16:42:32.121] [DEBUG] default - 模块expandableImageBox处理用时: 30 毫秒!
[2019-12-12T16:42:32.121] [DEBUG] default - 模块 expandableImageBox 因名称重复被重命名为 expandableImageBox-2
[2019-12-12T16:42:32.121] [INFO] default - 开始处理模块: expandableImageBox-2
[2019-12-12T16:42:32.141] [DEBUG] default - 智能跳过打包expandableImageBox./src/module/expandableImageBox.owo的重复样式!
[2019-12-12T16:42:32.146] [DEBUG] default - 模块expandableImageBox处理用时: 25 毫秒!
[2019-12-12T16:42:32.147] [DEBUG] default - 模块 expandableImageBox 因名称重复被重命名为 expandableImageBox-3
[2019-12-12T16:42:32.147] [INFO] default - 开始处理模块: expandableImageBox-3
[2019-12-12T16:42:32.172] [DEBUG] default - 智能跳过打包expandableImageBox./src/module/expandableImageBox.owo的重复样式!
[2019-12-12T16:42:32.175] [DEBUG] default - 模块expandableImageBox处理用时: 29 毫秒!
[2019-12-12T16:42:32.175] [DEBUG] default - 模块 expandableImageBox 因名称重复被重命名为 expandableImageBox-4
[2019-12-12T16:42:32.175] [INFO] default - 开始处理模块: expandableImageBox-4
[2019-12-12T16:42:32.195] [DEBUG] default - 智能跳过打包expandableImageBox./src/module/expandableImageBox.owo的重复样式!
[2019-12-12T16:42:32.199] [DEBUG] default - 模块expandableImageBox处理用时: 24 毫秒!
[2019-12-12T16:42:32.199] [INFO] default - 开始处理模块: customer
[2019-12-12T16:42:32.203] [DEBUG] default - 缓存模板: customer./src/module/customer.owo
[2019-12-12T16:42:32.205] [DEBUG] default - 模块customer处理用时: 6 毫秒!
[2019-12-12T16:42:32.205] [INFO] default - 开始处理模块: copyright
[2019-12-12T16:42:32.218] [DEBUG] default - 缓存模板: copyright./src/module/copyright.owo
[2019-12-12T16:42:32.224] [DEBUG] default - 模块copyright处理用时: 19 毫秒!
[2019-12-12T16:42:32.227] [DEBUG] default - 缓存模板: home./src/page/home.owo
[2019-12-12T16:42:32.229] [DEBUG] default - 页面home处理用时: 291 毫秒!
[2019-12-12T16:42:32.230] [DEBUG] default - 忽略文件: D:/work/人民图片/首页/src/resource/triangle.png
[2019-12-12T16:42:32.230] [DEBUG] default - 忽略文件: D:/work/人民图片/首页/src/resource/drop-down.png
[2019-12-12T16:42:32.230] [DEBUG] default - 忽略文件: D:/work/人民图片/首页/src/resource/search.png
[2019-12-12T16:42:32.230] [DEBUG] default - 忽略文件: D:/work/人民图片/首页/src/resource/list-icon.png
[2019-12-12T16:42:32.230] [DEBUG] default - css中的资源处理完毕!
[2019-12-12T16:42:32.230] [DEBUG] default - 使用postcss处理样式，使用了1个插件!
[2019-12-12T16:42:32.249] [INFO] default - 处理字体: {}
[2019-12-12T16:42:32.253] [INFO] default - 使用postcss处理完毕! 用时: 23 毫秒
[2019-12-12T16:42:32.253] [INFO] default - 正在处理script!
[2019-12-12T16:42:32.309] [INFO] default - 工程中只有一个页面!
[2019-12-12T16:42:32.310] [INFO] default - js中的资源处理完毕!
[2019-12-12T16:42:32.310] [DEBUG] default - 处理引用脚本: [{"name":"swiper.4.5.0.min","src":"./src/resource/swiper.4.5.0.min.js"},{"name":"main","src":"./src/main.js","resource":true}]
[2019-12-12T16:42:32.310] [DEBUG] default - 外部脚本数量: 2
[2019-12-12T16:42:32.310] [DEBUG] default - 处理脚本: swiper.4.5.0.min
[2019-12-12T16:42:32.310] [INFO] default - 读取文件: D:\work\人民图片\首页\src\resource\swiper.4.5.0.min.js
[2019-12-12T16:42:32.310] [DEBUG] default - 处理脚本: main
[2019-12-12T16:42:32.310] [INFO] default - 读取文件: D:\work\人民图片\首页\src\main.js
[2019-12-12T16:42:32.310] [DEBUG] default - 输出scriptData
[2019-12-12T16:42:32.311] [DEBUG] default - 准备输出html!
[2019-12-12T16:42:32.311] [DEBUG] default - 忽略文件: D:/work/人民图片/首页/src/resource/logo.png
[2019-12-12T16:42:32.311] [DEBUG] default - 忽略文件: D:/work/人民图片/首页/src/resource/people-picture-logo.png
[2019-12-12T16:42:32.311] [DEBUG] default - 忽略文件: D:/work/人民图片/首页/src/resource/top.png
[2019-12-12T16:42:32.311] [DEBUG] default - 忽略文件: D:/work/人民图片/首页/src/resource/bottom.png
[2019-12-12T16:42:32.311] [DEBUG] default - 忽略文件: D:/work/人民图片/首页/src/resource/recommend-title.png
[2019-12-12T16:42:32.311] [DEBUG] default - 忽略文件: D:/work/人民图片/首页/src/resource/more.png
[2019-12-12T16:42:32.311] [DEBUG] default - 忽略文件: D:/work/人民图片/首页/src/resource/customer.png
[2019-12-12T16:42:32.311] [DEBUG] default - 忽略文件: D:/work/人民图片/首页/src/resource/message.png
[2019-12-12T16:42:32.312] [DEBUG] default - 页面中不包含切换动画!
[2019-12-12T16:42:32.313] [INFO] default - 编译结束!
[2019-12-12T16:42:32.314] [INFO] default - 发送页面需要刷新命令!
[2019-12-12T16:42:32.315] [INFO] default - 写入文件: D:\work\人民图片\首页\dist\static\css\owo.main.css
[2019-12-12T16:42:32.316] [INFO] default - 主要逻辑文件写出成功!
[2019-12-12T16:42:32.316] [INFO] default - 读取成功: D:\work\人民图片\首页\src\main.js
[2019-12-12T16:42:32.317] [INFO] default - 写入文件: D:\work\人民图片\首页\dist\static\js\main.js
[2019-12-12T16:42:32.317] [INFO] default - 读取成功: D:\work\人民图片\首页\src\resource\swiper.4.5.0.min.js
[2019-12-12T16:42:32.318] [INFO] default - 写入文件: D:\work\人民图片\首页\dist\static\js\swiper.4.5.0.min.js
