[2019-12-25T08:33:21.952] [INFO] default - --------------------------- 开始编译 ---------------------------
[2019-12-25T08:33:21.954] [INFO] default - 程序运行目录: D:\work\人民图片\模板
[2019-12-25T08:33:21.954] [INFO] default - 首次启动!
[2019-12-25T08:33:21.954] [INFO] default - 生成版本号: g5kbo6ta9xu
[2019-12-25T08:33:21.954] [INFO] default - 文件夹不存在: D:\work\人民图片\模板\dist
[2019-12-25T08:33:21.954] [INFO] default - 创建文件夹: D:\work\人民图片\模板\dist
[2019-12-25T08:33:21.955] [INFO] default - 文件夹不存在: D:\work\人民图片\模板\dist\static
[2019-12-25T08:33:21.955] [INFO] default - 创建文件夹: D:\work\人民图片\模板\dist\static
[2019-12-25T08:33:21.955] [INFO] default - 读取模板文件: C:\Users\PG\Documents\GitHub\PG\lib\index.html
[2019-12-25T08:33:21.955] [DEBUG] default - 读取网页标题: {TAG_14226_TAG}
[2019-12-25T08:33:21.955] [DEBUG] default - 处理页面源信息: [{"http-equiv":"content-type","content":"text/html; charset=UTF-8"},{"name":"viewport","content":"width=1200, user-scalable=no"},{"name":"format-detection","content":"telephone=no, email=no"},{"name":"apple-mobile-web-app-capable","content":"yes"},{"name":"apple-mobile-web-app-status-bar-style","content":"white"},{"name":"renderer","content":"webkit"},{"http-equiv":"X-UA-Compatible","content":"IE=edge,chrome=1"},{"name":"filetype","content":"1"},{"name":"publishedtype","content":"1"},{"name":"pagetype","content":"2"},{"name":"screen-orientation","content":"landscape"},{"name":"x5-orientation","content":"landscape"},{"name":"full-screen","content":"yes"},{"name":"x5-fullscreen","content":"true"},{"name":"browsermode","content":"application"},{"name":"x5-page-mode","content":"app"}]
[2019-12-25T08:33:21.956] [INFO] default - 开始处理模块: home
[2019-12-25T08:33:23.256] [INFO] default - 开始处理模块: topBar
[2019-12-25T08:33:23.257] [DEBUG] default - 开始获取网络模板:https://owo.ink/public/516cb52409b4542205afc260bbd6a0d5.page
[2019-12-25T08:33:24.998] [DEBUG] default - 缓存模板: topBarhttps://owo.ink/public/516cb52409b4542205afc260bbd6a0d5.page
[2019-12-25T08:33:25.003] [DEBUG] default - 模块topBar处理用时: 1747 毫秒!
[2019-12-25T08:33:25.003] [INFO] default - 开始处理模块: navBar
[2019-12-25T08:33:25.073] [DEBUG] default - 缓存模板: navBar./src/module/navBar.owo
[2019-12-25T08:33:25.143] [DEBUG] default - 模块navBar处理用时: 140 毫秒!
[2019-12-25T08:33:25.144] [INFO] default - 开始处理模块: customer
[2019-12-25T08:33:25.156] [DEBUG] default - 缓存模板: customer./src/module/customer.owo
[2019-12-25T08:33:25.160] [DEBUG] default - 模块customer处理用时: 16 毫秒!
[2019-12-25T08:33:25.160] [INFO] default - 开始处理模块: copyright
[2019-12-25T08:33:25.191] [DEBUG] default - 缓存模板: copyright./src/module/copyright.owo
[2019-12-25T08:33:25.199] [DEBUG] default - 模块copyright处理用时: 39 毫秒!
[2019-12-25T08:33:25.201] [DEBUG] default - 缓存模板: home./src/page/home.owo
[2019-12-25T08:33:25.202] [DEBUG] default - 页面home处理用时: 3246 毫秒!
[2019-12-25T08:33:25.207] [INFO] default - 文件夹不存在: D:/work/人民图片/模板/dist/static/resource
[2019-12-25T08:33:25.223] [INFO] default - 创建文件夹: D:/work/人民图片/模板/dist/static/resource
[2019-12-25T08:33:25.224] [DEBUG] default - 处理资源:  [ 'D:/work/人民图片/模板/src/resource/triangle.png' ]
[2019-12-25T08:33:25.225] [DEBUG] default - 资源目录:  D:/work/人民图片/模板/dist/static/resource
[2019-12-25T08:33:25.226] [DEBUG] default - css中的资源处理完毕!
[2019-12-25T08:33:26.545] [DEBUG] default - 使用postcss处理样式，使用了1个插件!
[2019-12-25T08:33:26.600] [INFO] default - 文件夹不存在: D:\work\人民图片\模板\dist\static\css
[2019-12-25T08:33:26.600] [INFO] default - 创建文件夹: D:\work\人民图片\模板\dist\static\css
[2019-12-25T08:33:26.600] [INFO] default - 开始处理附属css中的资源
[2019-12-25T08:33:26.600] [INFO] default - 附属css中的资源处理完毕!
[2019-12-25T08:33:26.601] [INFO] default - 读取文件: D:\work\人民图片\模板\src\resource\swiper.4.5.0.min.css
[2019-12-25T08:33:26.601] [INFO] default - 附属css中的资源不需要处理!
[2019-12-25T08:33:26.601] [INFO] default - 处理字体: {}
[2019-12-25T08:33:27.245] [INFO] default - 使用postcss处理完毕! 用时: 700 毫秒
[2019-12-25T08:33:27.245] [INFO] default - 正在处理script!
[2019-12-25T08:33:30.783] [INFO] default - 工程中只有一个页面!
[2019-12-25T08:33:30.784] [INFO] default - js中的资源处理完毕!
[2019-12-25T08:33:30.784] [DEBUG] default - 处理引用脚本: [{"name":"swiper.4.5.0.min","src":"./src/resource/swiper.4.5.0.min.js"},{"name":"main","src":"./src/main.js","resource":true}]
[2019-12-25T08:33:30.784] [DEBUG] default - 外部脚本数量: 2
[2019-12-25T08:33:30.784] [DEBUG] default - 处理脚本: swiper.4.5.0.min
[2019-12-25T08:33:30.784] [INFO] default - 读取文件: D:\work\人民图片\模板\src\resource\swiper.4.5.0.min.js
[2019-12-25T08:33:30.784] [DEBUG] default - 处理脚本: main
[2019-12-25T08:33:30.784] [INFO] default - 读取文件: D:\work\人民图片\模板\src\main.js
[2019-12-25T08:33:30.784] [DEBUG] default - 输出scriptData
[2019-12-25T08:33:30.785] [DEBUG] default - 准备输出html!
[2019-12-25T08:33:30.794] [DEBUG] default - 处理资源:  [ 'D:/work/人民图片/模板/src/resource/logo.png',
  'D:/work/人民图片/模板/src/resource/people-picture-logo.png',
  'D:/work/人民图片/模板/src/resource/customer.png',
  'D:/work/人民图片/模板/src/resource/message.png' ]
[2019-12-25T08:33:30.795] [DEBUG] default - 资源目录:  D:/work/人民图片/模板/dist/static/resource
[2019-12-25T08:33:30.796] [INFO] default - 文件夹不存在: D:\work\人民图片\模板\dist\static\js
[2019-12-25T08:33:30.798] [INFO] default - 创建文件夹: D:\work\人民图片\模板\dist\static\js
[2019-12-25T08:33:30.799] [DEBUG] default - 页面中不包含切换动画!
[2019-12-25T08:33:30.800] [INFO] default - 编译结束!
[2019-12-25T08:33:30.802] [INFO] default - 发送页面需要刷新命令!
[2019-12-25T08:33:30.819] [INFO] default - 写入文件: D:\work\人民图片\模板\dist\static\css\owo.main.css
[2019-12-25T08:33:30.819] [INFO] default - 主要逻辑文件写出成功!
[2019-12-25T08:33:30.820] [INFO] default - 读取成功: D:\work\人民图片\模板\src\main.css
[2019-12-25T08:33:30.820] [INFO] default - 读取成功: D:\work\人民图片\模板\src\main.js
[2019-12-25T08:33:31.085] [INFO] default - 读取成功: D:\work\人民图片\模板\src\resource\swiper.4.5.0.min.css
[2019-12-25T08:33:31.126] [INFO] default - 写入文件: D:\work\人民图片\模板\dist\static\js\main.js
[2019-12-25T08:33:31.126] [INFO] default - 写入文件: D:\work\人民图片\模板\dist\static\css\main.css
[2019-12-25T08:33:31.259] [INFO] default - 写入文件: D:\work\人民图片\模板\dist\static\css\swiper.4.5.0.min.css
[2019-12-25T08:33:31.270] [INFO] default - 读取成功: D:\work\人民图片\模板\src\resource\swiper.4.5.0.min.js
[2019-12-25T08:33:31.271] [INFO] default - 写入文件: D:\work\人民图片\模板\dist\static\js\swiper.4.5.0.min.js
