[2019-12-17T23:19:41.321] [INFO] default - --------------------------- 开始编译 ---------------------------
[2019-12-17T23:19:41.323] [INFO] default - 程序运行目录: C:\Users\my\Documents\GitHub\people-picture\登陆
[2019-12-17T23:19:41.323] [INFO] default - 首次启动!
[2019-12-17T23:19:41.323] [INFO] default - 生成版本号: 0r4v3r2ytqhn
[2019-12-17T23:19:41.325] [INFO] default - 清理资源文件夹: C:\Users\my\Documents\GitHub\people-picture\登陆\dist\static
[2019-12-17T23:19:41.325] [INFO] default - 文件夹不存在: C:\Users\my\Documents\GitHub\people-picture\登陆\dist\static
[2019-12-17T23:19:41.325] [INFO] default - 创建文件夹: C:\Users\my\Documents\GitHub\people-picture\登陆\dist\static
[2019-12-17T23:19:41.325] [INFO] default - 读取模板文件: C:\Users\my\Documents\GitHub\pack\lib\index.html
[2019-12-17T23:19:41.326] [DEBUG] default - 读取网页标题: {TAG_14226_TAG}
[2019-12-17T23:19:41.326] [DEBUG] default - 处理页面源信息: [{"http-equiv":"content-type","content":"text/html; charset=UTF-8"},{"name":"viewport","content":"width=1200, user-scalable=no"},{"name":"format-detection","content":"telephone=no, email=no"},{"name":"apple-mobile-web-app-capable","content":"yes"},{"name":"apple-mobile-web-app-status-bar-style","content":"white"},{"name":"renderer","content":"webkit"},{"http-equiv":"X-UA-Compatible","content":"IE=edge,chrome=1"},{"name":"filetype","content":"1"},{"name":"publishedtype","content":"1"},{"name":"pagetype","content":"2"},{"name":"screen-orientation","content":"landscape"},{"name":"x5-orientation","content":"landscape"},{"name":"full-screen","content":"yes"},{"name":"x5-fullscreen","content":"true"},{"name":"browsermode","content":"application"},{"name":"x5-page-mode","content":"app"}]
[2019-12-17T23:19:41.327] [INFO] default - 开始处理模块: home
[2019-12-17T23:19:41.766] [INFO] default - 开始处理模块: registerPanel
[2019-12-17T23:19:41.824] [DEBUG] default - 缓存模板: registerPanel./src/module/registerPanel.owo
[2019-12-17T23:19:41.882] [DEBUG] default - 模块registerPanel处理用时: 117 毫秒!
[2019-12-17T23:19:41.884] [DEBUG] default - 缓存模板: home./src/page/home.owo
[2019-12-17T23:19:41.897] [DEBUG] default - 页面home处理用时: 570 毫秒!
[2019-12-17T23:19:41.898] [INFO] default - 文件夹不存在: C:/Users/my/Documents/GitHub/people-picture/登陆/dist/static/resource
[2019-12-17T23:19:41.898] [INFO] default - 创建文件夹: C:/Users/my/Documents/GitHub/people-picture/登陆/dist/static/resource
[2019-12-17T23:19:41.898] [DEBUG] default - css中的资源处理完毕!
[2019-12-17T23:19:42.397] [DEBUG] default - 使用postcss处理样式，使用了1个插件!
[2019-12-17T23:19:42.455] [INFO] default - 文件夹不存在: C:\Users\my\Documents\GitHub\people-picture\登陆\dist\static\css
[2019-12-17T23:19:42.455] [INFO] default - 创建文件夹: C:\Users\my\Documents\GitHub\people-picture\登陆\dist\static\css
[2019-12-17T23:19:42.456] [INFO] default - 开始处理附属css中的资源
[2019-12-17T23:19:42.456] [INFO] default - 附属css中的资源处理完毕!
[2019-12-17T23:19:42.456] [INFO] default - 处理字体: {}
[2019-12-17T23:19:42.594] [INFO] default - 使用postcss处理完毕! 用时: 197 毫秒
[2019-12-17T23:19:42.594] [INFO] default - 正在处理script!
[2019-12-17T23:19:43.115] [INFO] default - 工程中只有一个页面!
[2019-12-17T23:19:43.116] [INFO] default - js中的资源处理完毕!
[2019-12-17T23:19:43.117] [DEBUG] default - 处理引用脚本: []
[2019-12-17T23:19:43.117] [DEBUG] default - 外部脚本数量: 0
[2019-12-17T23:19:43.117] [DEBUG] default - 输出scriptData
[2019-12-17T23:19:43.118] [DEBUG] default - 准备输出html!
[2019-12-17T23:19:43.119] [DEBUG] default - 处理资源:  [ 'C:/Users/my/Documents/GitHub/people-picture/登陆/src/resource/bg.jpg',
  'C:/Users/my/Documents/GitHub/people-picture/登陆/src/resource/logo.png',
  'C:/Users/my/Documents/GitHub/people-picture/登陆/src/resource/qr.png' ]
[2019-12-17T23:19:43.120] [DEBUG] default - 资源目录:  C:/Users/my/Documents/GitHub/people-picture/登陆/dist/static/resource
[2019-12-17T23:19:43.123] [INFO] default - 文件夹不存在: C:\Users\my\Documents\GitHub\people-picture\登陆\dist\static\js
[2019-12-17T23:19:43.123] [INFO] default - 创建文件夹: C:\Users\my\Documents\GitHub\people-picture\登陆\dist\static\js
[2019-12-17T23:19:43.123] [DEBUG] default - 页面中不包含切换动画!
[2019-12-17T23:19:43.124] [INFO] default - 编译结束!
[2019-12-17T23:19:43.124] [INFO] default - 发送页面需要刷新命令!
[2019-12-17T23:19:43.136] [INFO] default - 写入文件: C:\Users\my\Documents\GitHub\people-picture\登陆\dist\static\css\owo.main.css
[2019-12-17T23:19:43.137] [INFO] default - 读取成功: C:\Users\my\Documents\GitHub\people-picture\登陆\src\main.css
[2019-12-17T23:19:43.137] [INFO] default - 主要逻辑文件写出成功!
[2019-12-17T23:19:43.138] [INFO] default - 写入文件: C:\Users\my\Documents\GitHub\people-picture\登陆\dist\static\css\main.css
[2019-12-17T23:21:26.528] [INFO] default - file change: C:\Users\my\Documents\GitHub\people-picture\登陆\src\main.css
[2019-12-17T23:21:26.528] [INFO] default - --------------------------- 开始编译 ---------------------------
[2019-12-17T23:21:26.528] [INFO] default - 程序运行目录: C:\Users\my\Documents\GitHub\people-picture\登陆
[2019-12-17T23:21:26.528] [INFO] default - 刷新模式,变化目录: C:\Users\my\Documents\GitHub\people-picture\登陆\src\main.css
[2019-12-17T23:21:26.528] [INFO] default - 读取模板文件: C:\Users\my\Documents\GitHub\pack\lib\index.html
[2019-12-17T23:21:26.529] [DEBUG] default - 读取网页标题: {TAG_14226_TAG}
[2019-12-17T23:21:26.529] [DEBUG] default - 处理页面源信息: [{"http-equiv":"content-type","content":"text/html; charset=UTF-8"},{"name":"viewport","content":"width=1200, user-scalable=no"},{"name":"format-detection","content":"telephone=no, email=no"},{"name":"apple-mobile-web-app-capable","content":"yes"},{"name":"apple-mobile-web-app-status-bar-style","content":"white"},{"name":"renderer","content":"webkit"},{"http-equiv":"X-UA-Compatible","content":"IE=edge,chrome=1"},{"name":"filetype","content":"1"},{"name":"publishedtype","content":"1"},{"name":"pagetype","content":"2"},{"name":"screen-orientation","content":"landscape"},{"name":"x5-orientation","content":"landscape"},{"name":"full-screen","content":"yes"},{"name":"x5-fullscreen","content":"true"},{"name":"browsermode","content":"application"},{"name":"x5-page-mode","content":"app"}]
[2019-12-17T23:21:26.529] [INFO] default - 开始处理模块: home
[2019-12-17T23:21:26.560] [INFO] default - 开始处理模块: registerPanel
[2019-12-17T23:21:26.612] [DEBUG] default - 缓存模板: registerPanel./src/module/registerPanel.owo
[2019-12-17T23:21:26.632] [DEBUG] default - 模块registerPanel处理用时: 72 毫秒!
[2019-12-17T23:21:26.633] [DEBUG] default - 缓存模板: home./src/page/home.owo
[2019-12-17T23:21:26.644] [DEBUG] default - 页面home处理用时: 115 毫秒!
[2019-12-17T23:21:26.646] [DEBUG] default - css中的资源处理完毕!
[2019-12-17T23:21:26.646] [DEBUG] default - 使用postcss处理样式，使用了1个插件!
[2019-12-17T23:21:26.656] [INFO] default - 开始处理附属css中的资源
[2019-12-17T23:21:26.656] [INFO] default - 附属css中的资源处理完毕!
[2019-12-17T23:21:26.656] [INFO] default - 处理字体: {}
[2019-12-17T23:21:26.658] [INFO] default - 使用postcss处理完毕! 用时: 12 毫秒
[2019-12-17T23:21:26.658] [INFO] default - 正在处理script!
[2019-12-17T23:21:26.685] [INFO] default - 工程中只有一个页面!
[2019-12-17T23:21:26.687] [INFO] default - js中的资源处理完毕!
[2019-12-17T23:21:26.687] [DEBUG] default - 处理引用脚本: []
[2019-12-17T23:21:26.687] [DEBUG] default - 外部脚本数量: 0
[2019-12-17T23:21:26.687] [DEBUG] default - 输出scriptData
[2019-12-17T23:21:26.688] [DEBUG] default - 准备输出html!
[2019-12-17T23:21:26.688] [DEBUG] default - 忽略文件: C:/Users/my/Documents/GitHub/people-picture/登陆/src/resource/bg.jpg
[2019-12-17T23:21:26.688] [DEBUG] default - 忽略文件: C:/Users/my/Documents/GitHub/people-picture/登陆/src/resource/logo.png
[2019-12-17T23:21:26.688] [DEBUG] default - 忽略文件: C:/Users/my/Documents/GitHub/people-picture/登陆/src/resource/qr.png
[2019-12-17T23:21:26.689] [DEBUG] default - 页面中不包含切换动画!
[2019-12-17T23:21:26.689] [INFO] default - 编译结束!
[2019-12-17T23:21:26.690] [INFO] default - 发送页面需要刷新命令!
[2019-12-17T23:21:26.690] [INFO] default - 读取成功: C:\Users\my\Documents\GitHub\people-picture\登陆\src\main.css
[2019-12-17T23:21:26.691] [INFO] default - 写入文件: C:\Users\my\Documents\GitHub\people-picture\登陆\dist\static\css\owo.main.css
[2019-12-17T23:21:26.691] [INFO] default - 主要逻辑文件写出成功!
[2019-12-17T23:21:26.692] [INFO] default - 写入文件: C:\Users\my\Documents\GitHub\people-picture\登陆\dist\static\css\main.css
[2019-12-17T23:25:27.479] [INFO] default - file change: C:\Users\my\Documents\GitHub\people-picture\登陆\src\page\home.owo
[2019-12-17T23:25:27.479] [INFO] default - --------------------------- 开始编译 ---------------------------
[2019-12-17T23:25:27.479] [INFO] default - 程序运行目录: C:\Users\my\Documents\GitHub\people-picture\登陆
[2019-12-17T23:25:27.479] [INFO] default - 刷新模式,变化目录: C:\Users\my\Documents\GitHub\people-picture\登陆\src\page\home.owo
[2019-12-17T23:25:27.479] [INFO] default - 读取模板文件: C:\Users\my\Documents\GitHub\pack\lib\index.html
[2019-12-17T23:25:27.480] [DEBUG] default - 读取网页标题: {TAG_14226_TAG}
[2019-12-17T23:25:27.480] [DEBUG] default - 处理页面源信息: [{"http-equiv":"content-type","content":"text/html; charset=UTF-8"},{"name":"viewport","content":"width=1200, user-scalable=no"},{"name":"format-detection","content":"telephone=no, email=no"},{"name":"apple-mobile-web-app-capable","content":"yes"},{"name":"apple-mobile-web-app-status-bar-style","content":"white"},{"name":"renderer","content":"webkit"},{"http-equiv":"X-UA-Compatible","content":"IE=edge,chrome=1"},{"name":"filetype","content":"1"},{"name":"publishedtype","content":"1"},{"name":"pagetype","content":"2"},{"name":"screen-orientation","content":"landscape"},{"name":"x5-orientation","content":"landscape"},{"name":"full-screen","content":"yes"},{"name":"x5-fullscreen","content":"true"},{"name":"browsermode","content":"application"},{"name":"x5-page-mode","content":"app"}]
[2019-12-17T23:25:27.480] [INFO] default - 开始处理模块: home
[2019-12-17T23:25:27.512] [INFO] default - 开始处理模块: registerPanel
[2019-12-17T23:25:27.549] [DEBUG] default - 缓存模板: registerPanel./src/module/registerPanel.owo
[2019-12-17T23:25:27.566] [DEBUG] default - 模块registerPanel处理用时: 54 毫秒!
[2019-12-17T23:25:27.568] [DEBUG] default - 缓存模板: home./src/page/home.owo
[2019-12-17T23:25:27.579] [DEBUG] default - 页面home处理用时: 99 毫秒!
[2019-12-17T23:25:27.580] [DEBUG] default - css中的资源处理完毕!
[2019-12-17T23:25:27.580] [DEBUG] default - 使用postcss处理样式，使用了1个插件!
[2019-12-17T23:25:27.590] [INFO] default - 处理字体: {}
[2019-12-17T23:25:27.591] [INFO] default - 使用postcss处理完毕! 用时: 11 毫秒
[2019-12-17T23:25:27.591] [INFO] default - 正在处理script!
[2019-12-17T23:25:27.614] [INFO] default - 工程中只有一个页面!
[2019-12-17T23:25:27.615] [INFO] default - js中的资源处理完毕!
[2019-12-17T23:25:27.615] [DEBUG] default - 处理引用脚本: []
[2019-12-17T23:25:27.615] [DEBUG] default - 外部脚本数量: 0
[2019-12-17T23:25:27.616] [DEBUG] default - 输出scriptData
[2019-12-17T23:25:27.616] [DEBUG] default - 准备输出html!
[2019-12-17T23:25:27.616] [DEBUG] default - 忽略文件: C:/Users/my/Documents/GitHub/people-picture/登陆/src/resource/bg.jpg
[2019-12-17T23:25:27.616] [DEBUG] default - 忽略文件: C:/Users/my/Documents/GitHub/people-picture/登陆/src/resource/logo.png
[2019-12-17T23:25:27.616] [DEBUG] default - 忽略文件: C:/Users/my/Documents/GitHub/people-picture/登陆/src/resource/qr.png
[2019-12-17T23:25:27.617] [DEBUG] default - 页面中不包含切换动画!
[2019-12-17T23:25:27.617] [INFO] default - 编译结束!
[2019-12-17T23:25:27.618] [INFO] default - 发送页面需要刷新命令!
[2019-12-17T23:25:27.620] [INFO] default - 主要逻辑文件写出成功!
[2019-12-17T23:25:27.620] [INFO] default - 写入文件: C:\Users\my\Documents\GitHub\people-picture\登陆\dist\static\css\owo.main.css
[2019-12-17T23:26:17.964] [INFO] default - file change: C:\Users\my\Documents\GitHub\people-picture\登陆\src\page\home.owo
[2019-12-17T23:26:17.964] [INFO] default - --------------------------- 开始编译 ---------------------------
[2019-12-17T23:26:17.964] [INFO] default - 程序运行目录: C:\Users\my\Documents\GitHub\people-picture\登陆
[2019-12-17T23:26:17.964] [INFO] default - 刷新模式,变化目录: C:\Users\my\Documents\GitHub\people-picture\登陆\src\page\home.owo
[2019-12-17T23:26:17.964] [INFO] default - 读取模板文件: C:\Users\my\Documents\GitHub\pack\lib\index.html
[2019-12-17T23:26:17.965] [DEBUG] default - 读取网页标题: {TAG_14226_TAG}
[2019-12-17T23:26:17.965] [DEBUG] default - 处理页面源信息: [{"http-equiv":"content-type","content":"text/html; charset=UTF-8"},{"name":"viewport","content":"width=1200, user-scalable=no"},{"name":"format-detection","content":"telephone=no, email=no"},{"name":"apple-mobile-web-app-capable","content":"yes"},{"name":"apple-mobile-web-app-status-bar-style","content":"white"},{"name":"renderer","content":"webkit"},{"http-equiv":"X-UA-Compatible","content":"IE=edge,chrome=1"},{"name":"filetype","content":"1"},{"name":"publishedtype","content":"1"},{"name":"pagetype","content":"2"},{"name":"screen-orientation","content":"landscape"},{"name":"x5-orientation","content":"landscape"},{"name":"full-screen","content":"yes"},{"name":"x5-fullscreen","content":"true"},{"name":"browsermode","content":"application"},{"name":"x5-page-mode","content":"app"}]
[2019-12-17T23:26:17.965] [INFO] default - 开始处理模块: home
[2019-12-17T23:26:17.990] [INFO] default - 开始处理模块: registerPanel
[2019-12-17T23:26:18.036] [DEBUG] default - 缓存模板: registerPanel./src/module/registerPanel.owo
[2019-12-17T23:26:18.052] [DEBUG] default - 模块registerPanel处理用时: 62 毫秒!
[2019-12-17T23:26:18.053] [DEBUG] default - 缓存模板: home./src/page/home.owo
[2019-12-17T23:26:18.065] [DEBUG] default - 页面home处理用时: 100 毫秒!
[2019-12-17T23:26:18.065] [DEBUG] default - css中的资源处理完毕!
[2019-12-17T23:26:18.065] [DEBUG] default - 使用postcss处理样式，使用了1个插件!
[2019-12-17T23:26:18.074] [INFO] default - 处理字体: {}
[2019-12-17T23:26:18.075] [INFO] default - 使用postcss处理完毕! 用时: 10 毫秒
[2019-12-17T23:26:18.075] [INFO] default - 正在处理script!
[2019-12-17T23:26:18.101] [INFO] default - 工程中只有一个页面!
[2019-12-17T23:26:18.102] [INFO] default - js中的资源处理完毕!
[2019-12-17T23:26:18.102] [DEBUG] default - 处理引用脚本: []
[2019-12-17T23:26:18.102] [DEBUG] default - 外部脚本数量: 0
[2019-12-17T23:26:18.102] [DEBUG] default - 输出scriptData
[2019-12-17T23:26:18.103] [DEBUG] default - 准备输出html!
[2019-12-17T23:26:18.103] [DEBUG] default - 忽略文件: C:/Users/my/Documents/GitHub/people-picture/登陆/src/resource/bg.jpg
[2019-12-17T23:26:18.103] [DEBUG] default - 忽略文件: C:/Users/my/Documents/GitHub/people-picture/登陆/src/resource/logo.png
[2019-12-17T23:26:18.103] [DEBUG] default - 忽略文件: C:/Users/my/Documents/GitHub/people-picture/登陆/src/resource/qr.png
[2019-12-17T23:26:18.105] [DEBUG] default - 页面中不包含切换动画!
[2019-12-17T23:26:18.105] [INFO] default - 编译结束!
[2019-12-17T23:26:18.106] [INFO] default - 发送页面需要刷新命令!
[2019-12-17T23:26:18.106] [INFO] default - 写入文件: C:\Users\my\Documents\GitHub\people-picture\登陆\dist\static\css\owo.main.css
[2019-12-17T23:26:18.106] [INFO] default - 主要逻辑文件写出成功!
[2019-12-17T23:26:43.622] [INFO] default - file change: C:\Users\my\Documents\GitHub\people-picture\登陆\src\page\home.owo
[2019-12-17T23:26:43.622] [INFO] default - --------------------------- 开始编译 ---------------------------
[2019-12-17T23:26:43.622] [INFO] default - 程序运行目录: C:\Users\my\Documents\GitHub\people-picture\登陆
[2019-12-17T23:26:43.622] [INFO] default - 刷新模式,变化目录: C:\Users\my\Documents\GitHub\people-picture\登陆\src\page\home.owo
[2019-12-17T23:26:43.622] [INFO] default - 读取模板文件: C:\Users\my\Documents\GitHub\pack\lib\index.html
[2019-12-17T23:26:43.623] [DEBUG] default - 读取网页标题: {TAG_14226_TAG}
[2019-12-17T23:26:43.623] [DEBUG] default - 处理页面源信息: [{"http-equiv":"content-type","content":"text/html; charset=UTF-8"},{"name":"viewport","content":"width=1200, user-scalable=no"},{"name":"format-detection","content":"telephone=no, email=no"},{"name":"apple-mobile-web-app-capable","content":"yes"},{"name":"apple-mobile-web-app-status-bar-style","content":"white"},{"name":"renderer","content":"webkit"},{"http-equiv":"X-UA-Compatible","content":"IE=edge,chrome=1"},{"name":"filetype","content":"1"},{"name":"publishedtype","content":"1"},{"name":"pagetype","content":"2"},{"name":"screen-orientation","content":"landscape"},{"name":"x5-orientation","content":"landscape"},{"name":"full-screen","content":"yes"},{"name":"x5-fullscreen","content":"true"},{"name":"browsermode","content":"application"},{"name":"x5-page-mode","content":"app"}]
[2019-12-17T23:26:43.623] [INFO] default - 开始处理模块: home
[2019-12-17T23:26:43.647] [INFO] default - 开始处理模块: registerPanel
[2019-12-17T23:26:43.684] [DEBUG] default - 缓存模板: registerPanel./src/module/registerPanel.owo
[2019-12-17T23:26:43.698] [DEBUG] default - 模块registerPanel处理用时: 51 毫秒!
[2019-12-17T23:26:43.700] [DEBUG] default - 缓存模板: home./src/page/home.owo
[2019-12-17T23:26:43.712] [DEBUG] default - 页面home处理用时: 89 毫秒!
[2019-12-17T23:26:43.713] [DEBUG] default - css中的资源处理完毕!
[2019-12-17T23:26:43.713] [DEBUG] default - 使用postcss处理样式，使用了1个插件!
[2019-12-17T23:26:43.722] [INFO] default - 处理字体: {}
[2019-12-17T23:26:43.723] [INFO] default - 使用postcss处理完毕! 用时: 10 毫秒
[2019-12-17T23:26:43.723] [INFO] default - 正在处理script!
[2019-12-17T23:26:43.745] [INFO] default - 工程中只有一个页面!
[2019-12-17T23:26:43.746] [INFO] default - js中的资源处理完毕!
[2019-12-17T23:26:43.746] [DEBUG] default - 处理引用脚本: []
[2019-12-17T23:26:43.746] [DEBUG] default - 外部脚本数量: 0
[2019-12-17T23:26:43.746] [DEBUG] default - 输出scriptData
[2019-12-17T23:26:43.747] [DEBUG] default - 准备输出html!
[2019-12-17T23:26:43.747] [DEBUG] default - 忽略文件: C:/Users/my/Documents/GitHub/people-picture/登陆/src/resource/bg.jpg
[2019-12-17T23:26:43.747] [DEBUG] default - 忽略文件: C:/Users/my/Documents/GitHub/people-picture/登陆/src/resource/logo.png
[2019-12-17T23:26:43.747] [DEBUG] default - 忽略文件: C:/Users/my/Documents/GitHub/people-picture/登陆/src/resource/qr.png
[2019-12-17T23:26:43.748] [DEBUG] default - 页面中不包含切换动画!
[2019-12-17T23:26:43.748] [INFO] default - 编译结束!
[2019-12-17T23:26:43.749] [INFO] default - 发送页面需要刷新命令!
[2019-12-17T23:26:43.750] [INFO] default - 写入文件: C:\Users\my\Documents\GitHub\people-picture\登陆\dist\static\css\owo.main.css
[2019-12-17T23:26:43.750] [INFO] default - 主要逻辑文件写出成功!
[2019-12-17T23:26:59.169] [INFO] default - file change: C:\Users\my\Documents\GitHub\people-picture\登陆\src\page\home.owo
[2019-12-17T23:26:59.169] [INFO] default - --------------------------- 开始编译 ---------------------------
[2019-12-17T23:26:59.169] [INFO] default - 程序运行目录: C:\Users\my\Documents\GitHub\people-picture\登陆
[2019-12-17T23:26:59.169] [INFO] default - 刷新模式,变化目录: C:\Users\my\Documents\GitHub\people-picture\登陆\src\page\home.owo
[2019-12-17T23:26:59.169] [INFO] default - 读取模板文件: C:\Users\my\Documents\GitHub\pack\lib\index.html
[2019-12-17T23:26:59.170] [DEBUG] default - 读取网页标题: {TAG_14226_TAG}
[2019-12-17T23:26:59.170] [DEBUG] default - 处理页面源信息: [{"http-equiv":"content-type","content":"text/html; charset=UTF-8"},{"name":"viewport","content":"width=1200, user-scalable=no"},{"name":"format-detection","content":"telephone=no, email=no"},{"name":"apple-mobile-web-app-capable","content":"yes"},{"name":"apple-mobile-web-app-status-bar-style","content":"white"},{"name":"renderer","content":"webkit"},{"http-equiv":"X-UA-Compatible","content":"IE=edge,chrome=1"},{"name":"filetype","content":"1"},{"name":"publishedtype","content":"1"},{"name":"pagetype","content":"2"},{"name":"screen-orientation","content":"landscape"},{"name":"x5-orientation","content":"landscape"},{"name":"full-screen","content":"yes"},{"name":"x5-fullscreen","content":"true"},{"name":"browsermode","content":"application"},{"name":"x5-page-mode","content":"app"}]
[2019-12-17T23:26:59.170] [INFO] default - 开始处理模块: home
[2019-12-17T23:26:59.189] [INFO] default - 开始处理模块: registerPanel
[2019-12-17T23:26:59.225] [DEBUG] default - 缓存模板: registerPanel./src/module/registerPanel.owo
[2019-12-17T23:26:59.242] [DEBUG] default - 模块registerPanel处理用时: 52 毫秒!
[2019-12-17T23:26:59.245] [DEBUG] default - 缓存模板: home./src/page/home.owo
[2019-12-17T23:26:59.259] [DEBUG] default - 页面home处理用时: 89 毫秒!
[2019-12-17T23:26:59.259] [DEBUG] default - css中的资源处理完毕!
[2019-12-17T23:26:59.259] [DEBUG] default - 使用postcss处理样式，使用了1个插件!
[2019-12-17T23:26:59.267] [INFO] default - 处理字体: {}
[2019-12-17T23:26:59.269] [INFO] default - 使用postcss处理完毕! 用时: 10 毫秒
[2019-12-17T23:26:59.269] [INFO] default - 正在处理script!
[2019-12-17T23:26:59.289] [INFO] default - 工程中只有一个页面!
[2019-12-17T23:26:59.290] [INFO] default - js中的资源处理完毕!
[2019-12-17T23:26:59.290] [DEBUG] default - 处理引用脚本: []
[2019-12-17T23:26:59.290] [DEBUG] default - 外部脚本数量: 0
[2019-12-17T23:26:59.290] [DEBUG] default - 输出scriptData
[2019-12-17T23:26:59.291] [DEBUG] default - 准备输出html!
[2019-12-17T23:26:59.291] [DEBUG] default - 忽略文件: C:/Users/my/Documents/GitHub/people-picture/登陆/src/resource/bg.jpg
[2019-12-17T23:26:59.291] [DEBUG] default - 忽略文件: C:/Users/my/Documents/GitHub/people-picture/登陆/src/resource/logo.png
[2019-12-17T23:26:59.291] [DEBUG] default - 忽略文件: C:/Users/my/Documents/GitHub/people-picture/登陆/src/resource/qr.png
[2019-12-17T23:26:59.292] [DEBUG] default - 页面中不包含切换动画!
[2019-12-17T23:26:59.292] [INFO] default - 编译结束!
[2019-12-17T23:26:59.293] [INFO] default - 发送页面需要刷新命令!
[2019-12-17T23:26:59.297] [INFO] default - 主要逻辑文件写出成功!
[2019-12-17T23:26:59.297] [INFO] default - 写入文件: C:\Users\my\Documents\GitHub\people-picture\登陆\dist\static\css\owo.main.css
[2019-12-17T23:36:14.113] [INFO] default - file change: C:\Users\my\Documents\GitHub\people-picture\登陆\src\page\home.owo
[2019-12-17T23:36:14.113] [INFO] default - --------------------------- 开始编译 ---------------------------
[2019-12-17T23:36:14.113] [INFO] default - 程序运行目录: C:\Users\my\Documents\GitHub\people-picture\登陆
[2019-12-17T23:36:14.113] [INFO] default - 刷新模式,变化目录: C:\Users\my\Documents\GitHub\people-picture\登陆\src\page\home.owo
[2019-12-17T23:36:14.113] [INFO] default - 读取模板文件: C:\Users\my\Documents\GitHub\pack\lib\index.html
[2019-12-17T23:36:14.114] [DEBUG] default - 读取网页标题: {TAG_14226_TAG}
[2019-12-17T23:36:14.114] [DEBUG] default - 处理页面源信息: [{"http-equiv":"content-type","content":"text/html; charset=UTF-8"},{"name":"viewport","content":"width=1200, user-scalable=no"},{"name":"format-detection","content":"telephone=no, email=no"},{"name":"apple-mobile-web-app-capable","content":"yes"},{"name":"apple-mobile-web-app-status-bar-style","content":"white"},{"name":"renderer","content":"webkit"},{"http-equiv":"X-UA-Compatible","content":"IE=edge,chrome=1"},{"name":"filetype","content":"1"},{"name":"publishedtype","content":"1"},{"name":"pagetype","content":"2"},{"name":"screen-orientation","content":"landscape"},{"name":"x5-orientation","content":"landscape"},{"name":"full-screen","content":"yes"},{"name":"x5-fullscreen","content":"true"},{"name":"browsermode","content":"application"},{"name":"x5-page-mode","content":"app"}]
[2019-12-17T23:36:14.114] [INFO] default - 开始处理模块: home
[2019-12-17T23:36:14.153] [INFO] default - 开始处理模块: registerPanel
[2019-12-17T23:36:14.203] [DEBUG] default - 缓存模板: registerPanel./src/module/registerPanel.owo
[2019-12-17T23:36:14.221] [DEBUG] default - 模块registerPanel处理用时: 68 毫秒!
[2019-12-17T23:36:14.223] [DEBUG] default - 缓存模板: home./src/page/home.owo
[2019-12-17T23:36:14.238] [DEBUG] default - 页面home处理用时: 124 毫秒!
[2019-12-17T23:36:14.238] [DEBUG] default - css中的资源处理完毕!
[2019-12-17T23:36:14.238] [DEBUG] default - 使用postcss处理样式，使用了1个插件!
[2019-12-17T23:36:14.250] [INFO] default - 处理字体: {}
[2019-12-17T23:36:14.252] [INFO] default - 使用postcss处理完毕! 用时: 14 毫秒
[2019-12-17T23:36:14.252] [INFO] default - 正在处理script!
[2019-12-17T23:36:14.276] [INFO] default - 工程中只有一个页面!
[2019-12-17T23:36:14.276] [INFO] default - js中的资源处理完毕!
[2019-12-17T23:36:14.276] [DEBUG] default - 处理引用脚本: []
[2019-12-17T23:36:14.276] [DEBUG] default - 外部脚本数量: 0
[2019-12-17T23:36:14.276] [DEBUG] default - 输出scriptData
[2019-12-17T23:36:14.277] [DEBUG] default - 准备输出html!
[2019-12-17T23:36:14.277] [DEBUG] default - 忽略文件: C:/Users/my/Documents/GitHub/people-picture/登陆/src/resource/bg.jpg
[2019-12-17T23:36:14.277] [DEBUG] default - 忽略文件: C:/Users/my/Documents/GitHub/people-picture/登陆/src/resource/logo.png
[2019-12-17T23:36:14.277] [DEBUG] default - 忽略文件: C:/Users/my/Documents/GitHub/people-picture/登陆/src/resource/qr.png
[2019-12-17T23:36:14.278] [DEBUG] default - 页面中不包含切换动画!
[2019-12-17T23:36:14.279] [INFO] default - 编译结束!
[2019-12-17T23:36:14.279] [INFO] default - 发送页面需要刷新命令!
[2019-12-17T23:36:14.280] [INFO] default - 主要逻辑文件写出成功!
[2019-12-17T23:36:14.280] [INFO] default - 写入文件: C:\Users\my\Documents\GitHub\people-picture\登陆\dist\static\css\owo.main.css
[2019-12-17T23:37:18.083] [INFO] default - file change: C:\Users\my\Documents\GitHub\people-picture\登陆\src\page\home.owo
[2019-12-17T23:37:18.083] [INFO] default - --------------------------- 开始编译 ---------------------------
[2019-12-17T23:37:18.083] [INFO] default - 程序运行目录: C:\Users\my\Documents\GitHub\people-picture\登陆
[2019-12-17T23:37:18.083] [INFO] default - 刷新模式,变化目录: C:\Users\my\Documents\GitHub\people-picture\登陆\src\page\home.owo
[2019-12-17T23:37:18.083] [INFO] default - 读取模板文件: C:\Users\my\Documents\GitHub\pack\lib\index.html
[2019-12-17T23:37:18.084] [DEBUG] default - 读取网页标题: {TAG_14226_TAG}
[2019-12-17T23:37:18.084] [DEBUG] default - 处理页面源信息: [{"http-equiv":"content-type","content":"text/html; charset=UTF-8"},{"name":"viewport","content":"width=1200, user-scalable=no"},{"name":"format-detection","content":"telephone=no, email=no"},{"name":"apple-mobile-web-app-capable","content":"yes"},{"name":"apple-mobile-web-app-status-bar-style","content":"white"},{"name":"renderer","content":"webkit"},{"http-equiv":"X-UA-Compatible","content":"IE=edge,chrome=1"},{"name":"filetype","content":"1"},{"name":"publishedtype","content":"1"},{"name":"pagetype","content":"2"},{"name":"screen-orientation","content":"landscape"},{"name":"x5-orientation","content":"landscape"},{"name":"full-screen","content":"yes"},{"name":"x5-fullscreen","content":"true"},{"name":"browsermode","content":"application"},{"name":"x5-page-mode","content":"app"}]
[2019-12-17T23:37:18.084] [INFO] default - 开始处理模块: home
[2019-12-17T23:37:18.117] [INFO] default - 开始处理模块: registerPanel
[2019-12-17T23:37:18.155] [DEBUG] default - 缓存模板: registerPanel./src/module/registerPanel.owo
[2019-12-17T23:37:18.172] [DEBUG] default - 模块registerPanel处理用时: 55 毫秒!
[2019-12-17T23:37:18.173] [DEBUG] default - 缓存模板: home./src/page/home.owo
[2019-12-17T23:37:18.186] [DEBUG] default - 页面home处理用时: 102 毫秒!
[2019-12-17T23:37:18.187] [DEBUG] default - css中的资源处理完毕!
[2019-12-17T23:37:18.187] [DEBUG] default - 使用postcss处理样式，使用了1个插件!
[2019-12-17T23:37:18.193] [INFO] default - 处理字体: {}
[2019-12-17T23:37:18.194] [INFO] default - 使用postcss处理完毕! 用时: 7 毫秒
[2019-12-17T23:37:18.194] [INFO] default - 正在处理script!
[2019-12-17T23:37:18.219] [INFO] default - 工程中只有一个页面!
[2019-12-17T23:37:18.220] [INFO] default - js中的资源处理完毕!
[2019-12-17T23:37:18.221] [DEBUG] default - 处理引用脚本: []
[2019-12-17T23:37:18.221] [DEBUG] default - 外部脚本数量: 0
[2019-12-17T23:37:18.221] [DEBUG] default - 输出scriptData
[2019-12-17T23:37:18.221] [DEBUG] default - 准备输出html!
[2019-12-17T23:37:18.221] [DEBUG] default - 忽略文件: C:/Users/my/Documents/GitHub/people-picture/登陆/src/resource/bg.jpg
[2019-12-17T23:37:18.221] [DEBUG] default - 忽略文件: C:/Users/my/Documents/GitHub/people-picture/登陆/src/resource/logo.png
[2019-12-17T23:37:18.221] [DEBUG] default - 忽略文件: C:/Users/my/Documents/GitHub/people-picture/登陆/src/resource/qr.png
[2019-12-17T23:37:18.222] [DEBUG] default - 页面中不包含切换动画!
[2019-12-17T23:37:18.223] [INFO] default - 编译结束!
[2019-12-17T23:37:18.223] [INFO] default - 发送页面需要刷新命令!
[2019-12-17T23:37:18.225] [INFO] default - 写入文件: C:\Users\my\Documents\GitHub\people-picture\登陆\dist\static\css\owo.main.css
[2019-12-17T23:37:18.226] [INFO] default - 主要逻辑文件写出成功!
[2019-12-17T23:38:33.385] [INFO] default - file change: C:\Users\my\Documents\GitHub\people-picture\登陆\src\page\home.owo
[2019-12-17T23:38:33.385] [INFO] default - --------------------------- 开始编译 ---------------------------
[2019-12-17T23:38:33.385] [INFO] default - 程序运行目录: C:\Users\my\Documents\GitHub\people-picture\登陆
[2019-12-17T23:38:33.385] [INFO] default - 刷新模式,变化目录: C:\Users\my\Documents\GitHub\people-picture\登陆\src\page\home.owo
[2019-12-17T23:38:33.385] [INFO] default - 读取模板文件: C:\Users\my\Documents\GitHub\pack\lib\index.html
[2019-12-17T23:38:33.385] [DEBUG] default - 读取网页标题: {TAG_14226_TAG}
[2019-12-17T23:38:33.385] [DEBUG] default - 处理页面源信息: [{"http-equiv":"content-type","content":"text/html; charset=UTF-8"},{"name":"viewport","content":"width=1200, user-scalable=no"},{"name":"format-detection","content":"telephone=no, email=no"},{"name":"apple-mobile-web-app-capable","content":"yes"},{"name":"apple-mobile-web-app-status-bar-style","content":"white"},{"name":"renderer","content":"webkit"},{"http-equiv":"X-UA-Compatible","content":"IE=edge,chrome=1"},{"name":"filetype","content":"1"},{"name":"publishedtype","content":"1"},{"name":"pagetype","content":"2"},{"name":"screen-orientation","content":"landscape"},{"name":"x5-orientation","content":"landscape"},{"name":"full-screen","content":"yes"},{"name":"x5-fullscreen","content":"true"},{"name":"browsermode","content":"application"},{"name":"x5-page-mode","content":"app"}]
[2019-12-17T23:38:33.385] [INFO] default - 开始处理模块: home
[2019-12-17T23:38:33.421] [INFO] default - 开始处理模块: registerPanel
[2019-12-17T23:38:33.468] [DEBUG] default - 缓存模板: registerPanel./src/module/registerPanel.owo
[2019-12-17T23:38:33.485] [DEBUG] default - 模块registerPanel处理用时: 64 毫秒!
[2019-12-17T23:38:33.487] [DEBUG] default - 缓存模板: home./src/page/home.owo
[2019-12-17T23:38:33.499] [DEBUG] default - 页面home处理用时: 114 毫秒!
[2019-12-17T23:38:33.500] [DEBUG] default - css中的资源处理完毕!
[2019-12-17T23:38:33.500] [DEBUG] default - 使用postcss处理样式，使用了1个插件!
[2019-12-17T23:38:33.512] [INFO] default - 处理字体: {}
[2019-12-17T23:38:33.513] [INFO] default - 使用postcss处理完毕! 用时: 13 毫秒
[2019-12-17T23:38:33.513] [INFO] default - 正在处理script!
[2019-12-17T23:38:33.538] [INFO] default - 工程中只有一个页面!
[2019-12-17T23:38:33.539] [INFO] default - js中的资源处理完毕!
[2019-12-17T23:38:33.539] [DEBUG] default - 处理引用脚本: []
[2019-12-17T23:38:33.539] [DEBUG] default - 外部脚本数量: 0
[2019-12-17T23:38:33.539] [DEBUG] default - 输出scriptData
[2019-12-17T23:38:33.540] [DEBUG] default - 准备输出html!
[2019-12-17T23:38:33.540] [DEBUG] default - 忽略文件: C:/Users/my/Documents/GitHub/people-picture/登陆/src/resource/bg.jpg
[2019-12-17T23:38:33.540] [DEBUG] default - 忽略文件: C:/Users/my/Documents/GitHub/people-picture/登陆/src/resource/logo.png
[2019-12-17T23:38:33.540] [DEBUG] default - 忽略文件: C:/Users/my/Documents/GitHub/people-picture/登陆/src/resource/qr.png
[2019-12-17T23:38:33.541] [DEBUG] default - 页面中不包含切换动画!
[2019-12-17T23:38:33.541] [INFO] default - 编译结束!
[2019-12-17T23:38:33.542] [INFO] default - 发送页面需要刷新命令!
[2019-12-17T23:38:33.543] [INFO] default - 写入文件: C:\Users\my\Documents\GitHub\people-picture\登陆\dist\static\css\owo.main.css
[2019-12-17T23:38:33.543] [INFO] default - 主要逻辑文件写出成功!
[2019-12-17T23:39:48.842] [INFO] default - file change: C:\Users\my\Documents\GitHub\people-picture\登陆\src\page\home.owo
[2019-12-17T23:39:48.842] [INFO] default - --------------------------- 开始编译 ---------------------------
[2019-12-17T23:39:48.842] [INFO] default - 程序运行目录: C:\Users\my\Documents\GitHub\people-picture\登陆
[2019-12-17T23:39:48.842] [INFO] default - 刷新模式,变化目录: C:\Users\my\Documents\GitHub\people-picture\登陆\src\page\home.owo
[2019-12-17T23:39:48.842] [INFO] default - 读取模板文件: C:\Users\my\Documents\GitHub\pack\lib\index.html
[2019-12-17T23:39:48.843] [DEBUG] default - 读取网页标题: {TAG_14226_TAG}
[2019-12-17T23:39:48.843] [DEBUG] default - 处理页面源信息: [{"http-equiv":"content-type","content":"text/html; charset=UTF-8"},{"name":"viewport","content":"width=1200, user-scalable=no"},{"name":"format-detection","content":"telephone=no, email=no"},{"name":"apple-mobile-web-app-capable","content":"yes"},{"name":"apple-mobile-web-app-status-bar-style","content":"white"},{"name":"renderer","content":"webkit"},{"http-equiv":"X-UA-Compatible","content":"IE=edge,chrome=1"},{"name":"filetype","content":"1"},{"name":"publishedtype","content":"1"},{"name":"pagetype","content":"2"},{"name":"screen-orientation","content":"landscape"},{"name":"x5-orientation","content":"landscape"},{"name":"full-screen","content":"yes"},{"name":"x5-fullscreen","content":"true"},{"name":"browsermode","content":"application"},{"name":"x5-page-mode","content":"app"}]
[2019-12-17T23:39:48.843] [INFO] default - 开始处理模块: home
[2019-12-17T23:39:48.869] [INFO] default - 开始处理模块: registerPanel
[2019-12-17T23:39:48.910] [DEBUG] default - 缓存模板: registerPanel./src/module/registerPanel.owo
[2019-12-17T23:39:48.925] [DEBUG] default - 模块registerPanel处理用时: 56 毫秒!
[2019-12-17T23:39:48.926] [DEBUG] default - 缓存模板: home./src/page/home.owo
[2019-12-17T23:39:48.939] [DEBUG] default - 页面home处理用时: 96 毫秒!
[2019-12-17T23:39:48.940] [DEBUG] default - css中的资源处理完毕!
[2019-12-17T23:39:48.940] [DEBUG] default - 使用postcss处理样式，使用了1个插件!
[2019-12-17T23:39:48.948] [INFO] default - 处理字体: {}
[2019-12-17T23:39:48.949] [INFO] default - 使用postcss处理完毕! 用时: 9 毫秒
[2019-12-17T23:39:48.949] [INFO] default - 正在处理script!
[2019-12-17T23:39:48.972] [INFO] default - 工程中只有一个页面!
[2019-12-17T23:39:48.973] [INFO] default - js中的资源处理完毕!
[2019-12-17T23:39:48.973] [DEBUG] default - 处理引用脚本: []
[2019-12-17T23:39:48.973] [DEBUG] default - 外部脚本数量: 0
[2019-12-17T23:39:48.973] [DEBUG] default - 输出scriptData
[2019-12-17T23:39:48.974] [DEBUG] default - 准备输出html!
[2019-12-17T23:39:48.974] [DEBUG] default - 忽略文件: C:/Users/my/Documents/GitHub/people-picture/登陆/src/resource/bg.jpg
[2019-12-17T23:39:48.974] [DEBUG] default - 忽略文件: C:/Users/my/Documents/GitHub/people-picture/登陆/src/resource/logo.png
[2019-12-17T23:39:48.974] [DEBUG] default - 忽略文件: C:/Users/my/Documents/GitHub/people-picture/登陆/src/resource/qr.png
[2019-12-17T23:39:48.975] [DEBUG] default - 页面中不包含切换动画!
[2019-12-17T23:39:48.976] [INFO] default - 编译结束!
[2019-12-17T23:39:48.976] [INFO] default - 发送页面需要刷新命令!
[2019-12-17T23:39:48.977] [INFO] default - 写入文件: C:\Users\my\Documents\GitHub\people-picture\登陆\dist\static\css\owo.main.css
[2019-12-17T23:39:48.977] [INFO] default - 主要逻辑文件写出成功!
[2019-12-17T23:42:06.635] [INFO] default - file change: C:\Users\my\Documents\GitHub\people-picture\登陆\src\module\registerPanel.owo
[2019-12-17T23:42:06.635] [INFO] default - --------------------------- 开始编译 ---------------------------
[2019-12-17T23:42:06.635] [INFO] default - 程序运行目录: C:\Users\my\Documents\GitHub\people-picture\登陆
[2019-12-17T23:42:06.635] [INFO] default - 刷新模式,变化目录: C:\Users\my\Documents\GitHub\people-picture\登陆\src\module\registerPanel.owo
[2019-12-17T23:42:06.635] [INFO] default - 读取模板文件: C:\Users\my\Documents\GitHub\pack\lib\index.html
[2019-12-17T23:42:06.635] [DEBUG] default - 读取网页标题: {TAG_14226_TAG}
[2019-12-17T23:42:06.636] [DEBUG] default - 处理页面源信息: [{"http-equiv":"content-type","content":"text/html; charset=UTF-8"},{"name":"viewport","content":"width=1200, user-scalable=no"},{"name":"format-detection","content":"telephone=no, email=no"},{"name":"apple-mobile-web-app-capable","content":"yes"},{"name":"apple-mobile-web-app-status-bar-style","content":"white"},{"name":"renderer","content":"webkit"},{"http-equiv":"X-UA-Compatible","content":"IE=edge,chrome=1"},{"name":"filetype","content":"1"},{"name":"publishedtype","content":"1"},{"name":"pagetype","content":"2"},{"name":"screen-orientation","content":"landscape"},{"name":"x5-orientation","content":"landscape"},{"name":"full-screen","content":"yes"},{"name":"x5-fullscreen","content":"true"},{"name":"browsermode","content":"application"},{"name":"x5-page-mode","content":"app"}]
[2019-12-17T23:42:06.636] [INFO] default - 开始处理模块: home
[2019-12-17T23:42:06.656] [INFO] default - 开始处理模块: registerPanel
[2019-12-17T23:42:06.695] [DEBUG] default - 缓存模板: registerPanel./src/module/registerPanel.owo
[2019-12-17T23:42:06.710] [DEBUG] default - 模块registerPanel处理用时: 55 毫秒!
[2019-12-17T23:42:06.711] [DEBUG] default - 缓存模板: home./src/page/home.owo
[2019-12-17T23:42:06.726] [DEBUG] default - 页面home处理用时: 90 毫秒!
[2019-12-17T23:42:06.727] [DEBUG] default - css中的资源处理完毕!
[2019-12-17T23:42:06.727] [DEBUG] default - 使用postcss处理样式，使用了1个插件!
[2019-12-17T23:42:06.738] [INFO] default - 处理字体: {}
[2019-12-17T23:42:06.739] [INFO] default - 使用postcss处理完毕! 用时: 12 毫秒
[2019-12-17T23:42:06.739] [INFO] default - 正在处理script!
[2019-12-17T23:42:06.763] [INFO] default - 工程中只有一个页面!
[2019-12-17T23:42:06.764] [INFO] default - js中的资源处理完毕!
[2019-12-17T23:42:06.764] [DEBUG] default - 处理引用脚本: []
[2019-12-17T23:42:06.764] [DEBUG] default - 外部脚本数量: 0
[2019-12-17T23:42:06.765] [DEBUG] default - 输出scriptData
[2019-12-17T23:42:06.765] [DEBUG] default - 准备输出html!
[2019-12-17T23:42:06.765] [DEBUG] default - 忽略文件: C:/Users/my/Documents/GitHub/people-picture/登陆/src/resource/bg.jpg
[2019-12-17T23:42:06.765] [DEBUG] default - 忽略文件: C:/Users/my/Documents/GitHub/people-picture/登陆/src/resource/logo.png
[2019-12-17T23:42:06.765] [DEBUG] default - 忽略文件: C:/Users/my/Documents/GitHub/people-picture/登陆/src/resource/qr.png
[2019-12-17T23:42:06.766] [DEBUG] default - 页面中不包含切换动画!
[2019-12-17T23:42:06.767] [INFO] default - 编译结束!
[2019-12-17T23:42:06.767] [INFO] default - 发送页面需要刷新命令!
[2019-12-17T23:42:06.772] [INFO] default - 写入文件: C:\Users\my\Documents\GitHub\people-picture\登陆\dist\static\css\owo.main.css
[2019-12-17T23:42:06.772] [INFO] default - 主要逻辑文件写出成功!
[2019-12-17T23:42:20.123] [INFO] default - file change: C:\Users\my\Documents\GitHub\people-picture\登陆\src\module\registerPanel.owo
[2019-12-17T23:42:20.123] [INFO] default - --------------------------- 开始编译 ---------------------------
[2019-12-17T23:42:20.123] [INFO] default - 程序运行目录: C:\Users\my\Documents\GitHub\people-picture\登陆
[2019-12-17T23:42:20.123] [INFO] default - 刷新模式,变化目录: C:\Users\my\Documents\GitHub\people-picture\登陆\src\module\registerPanel.owo
[2019-12-17T23:42:20.123] [INFO] default - 读取模板文件: C:\Users\my\Documents\GitHub\pack\lib\index.html
[2019-12-17T23:42:20.124] [DEBUG] default - 读取网页标题: {TAG_14226_TAG}
[2019-12-17T23:42:20.124] [DEBUG] default - 处理页面源信息: [{"http-equiv":"content-type","content":"text/html; charset=UTF-8"},{"name":"viewport","content":"width=1200, user-scalable=no"},{"name":"format-detection","content":"telephone=no, email=no"},{"name":"apple-mobile-web-app-capable","content":"yes"},{"name":"apple-mobile-web-app-status-bar-style","content":"white"},{"name":"renderer","content":"webkit"},{"http-equiv":"X-UA-Compatible","content":"IE=edge,chrome=1"},{"name":"filetype","content":"1"},{"name":"publishedtype","content":"1"},{"name":"pagetype","content":"2"},{"name":"screen-orientation","content":"landscape"},{"name":"x5-orientation","content":"landscape"},{"name":"full-screen","content":"yes"},{"name":"x5-fullscreen","content":"true"},{"name":"browsermode","content":"application"},{"name":"x5-page-mode","content":"app"}]
[2019-12-17T23:42:20.124] [INFO] default - 开始处理模块: home
[2019-12-17T23:42:20.150] [INFO] default - 开始处理模块: registerPanel
[2019-12-17T23:42:20.194] [DEBUG] default - 缓存模板: registerPanel./src/module/registerPanel.owo
[2019-12-17T23:42:20.209] [DEBUG] default - 模块registerPanel处理用时: 59 毫秒!
[2019-12-17T23:42:20.211] [DEBUG] default - 缓存模板: home./src/page/home.owo
[2019-12-17T23:42:20.224] [DEBUG] default - 页面home处理用时: 100 毫秒!
[2019-12-17T23:42:20.224] [DEBUG] default - css中的资源处理完毕!
[2019-12-17T23:42:20.224] [DEBUG] default - 使用postcss处理样式，使用了1个插件!
[2019-12-17T23:42:20.231] [INFO] default - 处理字体: {}
[2019-12-17T23:42:20.232] [INFO] default - 使用postcss处理完毕! 用时: 8 毫秒
[2019-12-17T23:42:20.232] [INFO] default - 正在处理script!
[2019-12-17T23:42:20.251] [INFO] default - 工程中只有一个页面!
[2019-12-17T23:42:20.252] [INFO] default - js中的资源处理完毕!
[2019-12-17T23:42:20.252] [DEBUG] default - 处理引用脚本: []
[2019-12-17T23:42:20.252] [DEBUG] default - 外部脚本数量: 0
[2019-12-17T23:42:20.252] [DEBUG] default - 输出scriptData
[2019-12-17T23:42:20.253] [DEBUG] default - 准备输出html!
[2019-12-17T23:42:20.253] [DEBUG] default - 忽略文件: C:/Users/my/Documents/GitHub/people-picture/登陆/src/resource/bg.jpg
[2019-12-17T23:42:20.253] [DEBUG] default - 忽略文件: C:/Users/my/Documents/GitHub/people-picture/登陆/src/resource/logo.png
[2019-12-17T23:42:20.253] [DEBUG] default - 忽略文件: C:/Users/my/Documents/GitHub/people-picture/登陆/src/resource/qr.png
[2019-12-17T23:42:20.254] [DEBUG] default - 页面中不包含切换动画!
[2019-12-17T23:42:20.254] [INFO] default - 编译结束!
[2019-12-17T23:42:20.255] [INFO] default - 发送页面需要刷新命令!
[2019-12-17T23:42:20.256] [INFO] default - 写入文件: C:\Users\my\Documents\GitHub\people-picture\登陆\dist\static\css\owo.main.css
[2019-12-17T23:42:20.256] [INFO] default - 主要逻辑文件写出成功!
[2019-12-17T23:44:32.999] [INFO] default - file change: C:\Users\my\Documents\GitHub\people-picture\登陆\src\module\registerPanel.owo
[2019-12-17T23:44:32.999] [INFO] default - --------------------------- 开始编译 ---------------------------
[2019-12-17T23:44:32.999] [INFO] default - 程序运行目录: C:\Users\my\Documents\GitHub\people-picture\登陆
[2019-12-17T23:44:32.999] [INFO] default - 刷新模式,变化目录: C:\Users\my\Documents\GitHub\people-picture\登陆\src\module\registerPanel.owo
[2019-12-17T23:44:32.999] [INFO] default - 读取模板文件: C:\Users\my\Documents\GitHub\pack\lib\index.html
[2019-12-17T23:44:33.000] [DEBUG] default - 读取网页标题: {TAG_14226_TAG}
[2019-12-17T23:44:33.000] [DEBUG] default - 处理页面源信息: [{"http-equiv":"content-type","content":"text/html; charset=UTF-8"},{"name":"viewport","content":"width=1200, user-scalable=no"},{"name":"format-detection","content":"telephone=no, email=no"},{"name":"apple-mobile-web-app-capable","content":"yes"},{"name":"apple-mobile-web-app-status-bar-style","content":"white"},{"name":"renderer","content":"webkit"},{"http-equiv":"X-UA-Compatible","content":"IE=edge,chrome=1"},{"name":"filetype","content":"1"},{"name":"publishedtype","content":"1"},{"name":"pagetype","content":"2"},{"name":"screen-orientation","content":"landscape"},{"name":"x5-orientation","content":"landscape"},{"name":"full-screen","content":"yes"},{"name":"x5-fullscreen","content":"true"},{"name":"browsermode","content":"application"},{"name":"x5-page-mode","content":"app"}]
[2019-12-17T23:44:33.000] [INFO] default - 开始处理模块: home
[2019-12-17T23:44:33.023] [INFO] default - 开始处理模块: registerPanel
[2019-12-17T23:44:33.061] [DEBUG] default - 缓存模板: registerPanel./src/module/registerPanel.owo
[2019-12-17T23:44:33.081] [DEBUG] default - 模块registerPanel处理用时: 58 毫秒!
[2019-12-17T23:44:33.082] [DEBUG] default - 缓存模板: home./src/page/home.owo
[2019-12-17T23:44:33.094] [DEBUG] default - 页面home处理用时: 94 毫秒!
[2019-12-17T23:44:33.094] [DEBUG] default - css中的资源处理完毕!
[2019-12-17T23:44:33.095] [DEBUG] default - 使用postcss处理样式，使用了1个插件!
[2019-12-17T23:44:33.103] [INFO] default - 处理字体: {}
[2019-12-17T23:44:33.104] [INFO] default - 使用postcss处理完毕! 用时: 9 毫秒
[2019-12-17T23:44:33.104] [INFO] default - 正在处理script!
[2019-12-17T23:44:33.124] [INFO] default - 工程中只有一个页面!
[2019-12-17T23:44:33.125] [INFO] default - js中的资源处理完毕!
[2019-12-17T23:44:33.125] [DEBUG] default - 处理引用脚本: []
[2019-12-17T23:44:33.125] [DEBUG] default - 外部脚本数量: 0
[2019-12-17T23:44:33.125] [DEBUG] default - 输出scriptData
[2019-12-17T23:44:33.125] [DEBUG] default - 准备输出html!
[2019-12-17T23:44:33.126] [DEBUG] default - 忽略文件: C:/Users/my/Documents/GitHub/people-picture/登陆/src/resource/bg.jpg
[2019-12-17T23:44:33.126] [DEBUG] default - 忽略文件: C:/Users/my/Documents/GitHub/people-picture/登陆/src/resource/logo.png
[2019-12-17T23:44:33.126] [DEBUG] default - 忽略文件: C:/Users/my/Documents/GitHub/people-picture/登陆/src/resource/qr.png
[2019-12-17T23:44:33.127] [DEBUG] default - 页面中不包含切换动画!
[2019-12-17T23:44:33.128] [INFO] default - 编译结束!
[2019-12-17T23:44:33.128] [INFO] default - 发送页面需要刷新命令!
[2019-12-17T23:44:33.132] [INFO] default - 主要逻辑文件写出成功!
[2019-12-17T23:44:33.132] [INFO] default - 写入文件: C:\Users\my\Documents\GitHub\people-picture\登陆\dist\static\css\owo.main.css
[2019-12-17T23:50:08.575] [INFO] default - file change: C:\Users\my\Documents\GitHub\people-picture\登陆\src\main.css
[2019-12-17T23:50:08.575] [INFO] default - --------------------------- 开始编译 ---------------------------
[2019-12-17T23:50:08.575] [INFO] default - 程序运行目录: C:\Users\my\Documents\GitHub\people-picture\登陆
[2019-12-17T23:50:08.575] [INFO] default - 刷新模式,变化目录: C:\Users\my\Documents\GitHub\people-picture\登陆\src\main.css
[2019-12-17T23:50:08.575] [INFO] default - 读取模板文件: C:\Users\my\Documents\GitHub\pack\lib\index.html
[2019-12-17T23:50:08.576] [DEBUG] default - 读取网页标题: {TAG_14226_TAG}
[2019-12-17T23:50:08.576] [DEBUG] default - 处理页面源信息: [{"http-equiv":"content-type","content":"text/html; charset=UTF-8"},{"name":"viewport","content":"width=1200, user-scalable=no"},{"name":"format-detection","content":"telephone=no, email=no"},{"name":"apple-mobile-web-app-capable","content":"yes"},{"name":"apple-mobile-web-app-status-bar-style","content":"white"},{"name":"renderer","content":"webkit"},{"http-equiv":"X-UA-Compatible","content":"IE=edge,chrome=1"},{"name":"filetype","content":"1"},{"name":"publishedtype","content":"1"},{"name":"pagetype","content":"2"},{"name":"screen-orientation","content":"landscape"},{"name":"x5-orientation","content":"landscape"},{"name":"full-screen","content":"yes"},{"name":"x5-fullscreen","content":"true"},{"name":"browsermode","content":"application"},{"name":"x5-page-mode","content":"app"}]
[2019-12-17T23:50:08.576] [INFO] default - 开始处理模块: home
[2019-12-17T23:50:08.605] [INFO] default - 开始处理模块: registerPanel
[2019-12-17T23:50:08.655] [DEBUG] default - 缓存模板: registerPanel./src/module/registerPanel.owo
[2019-12-17T23:50:08.673] [DEBUG] default - 模块registerPanel处理用时: 68 毫秒!
[2019-12-17T23:50:08.674] [DEBUG] default - 缓存模板: home./src/page/home.owo
[2019-12-17T23:50:08.688] [DEBUG] default - 页面home处理用时: 112 毫秒!
[2019-12-17T23:50:08.689] [DEBUG] default - css中的资源处理完毕!
[2019-12-17T23:50:08.689] [DEBUG] default - 使用postcss处理样式，使用了1个插件!
[2019-12-17T23:50:08.700] [INFO] default - 开始处理附属css中的资源
[2019-12-17T23:50:08.700] [INFO] default - 附属css中的资源处理完毕!
[2019-12-17T23:50:08.700] [INFO] default - 处理字体: {}
[2019-12-17T23:50:08.701] [INFO] default - 使用postcss处理完毕! 用时: 12 毫秒
[2019-12-17T23:50:08.701] [INFO] default - 正在处理script!
[2019-12-17T23:50:08.730] [INFO] default - 工程中只有一个页面!
[2019-12-17T23:50:08.731] [INFO] default - js中的资源处理完毕!
[2019-12-17T23:50:08.732] [DEBUG] default - 处理引用脚本: []
[2019-12-17T23:50:08.732] [DEBUG] default - 外部脚本数量: 0
[2019-12-17T23:50:08.732] [DEBUG] default - 输出scriptData
[2019-12-17T23:50:08.732] [DEBUG] default - 准备输出html!
[2019-12-17T23:50:08.733] [DEBUG] default - 忽略文件: C:/Users/my/Documents/GitHub/people-picture/登陆/src/resource/bg.jpg
[2019-12-17T23:50:08.733] [DEBUG] default - 忽略文件: C:/Users/my/Documents/GitHub/people-picture/登陆/src/resource/logo.png
[2019-12-17T23:50:08.733] [DEBUG] default - 忽略文件: C:/Users/my/Documents/GitHub/people-picture/登陆/src/resource/qr.png
[2019-12-17T23:50:08.734] [DEBUG] default - 页面中不包含切换动画!
[2019-12-17T23:50:08.734] [INFO] default - 编译结束!
[2019-12-17T23:50:08.735] [INFO] default - 发送页面需要刷新命令!
[2019-12-17T23:50:08.736] [INFO] default - 读取成功: C:\Users\my\Documents\GitHub\people-picture\登陆\src\main.css
[2019-12-17T23:50:08.736] [INFO] default - 写入文件: C:\Users\my\Documents\GitHub\people-picture\登陆\dist\static\css\owo.main.css
[2019-12-17T23:50:08.736] [INFO] default - 主要逻辑文件写出成功!
[2019-12-17T23:50:08.737] [INFO] default - 写入文件: C:\Users\my\Documents\GitHub\people-picture\登陆\dist\static\css\main.css
[2019-12-17T23:50:10.971] [INFO] default - file change: C:\Users\my\Documents\GitHub\people-picture\登陆\src\module\registerPanel.owo
[2019-12-17T23:50:10.971] [INFO] default - --------------------------- 开始编译 ---------------------------
[2019-12-17T23:50:10.971] [INFO] default - 程序运行目录: C:\Users\my\Documents\GitHub\people-picture\登陆
[2019-12-17T23:50:10.971] [INFO] default - 刷新模式,变化目录: C:\Users\my\Documents\GitHub\people-picture\登陆\src\module\registerPanel.owo
[2019-12-17T23:50:10.971] [INFO] default - 读取模板文件: C:\Users\my\Documents\GitHub\pack\lib\index.html
[2019-12-17T23:50:10.972] [DEBUG] default - 读取网页标题: {TAG_14226_TAG}
[2019-12-17T23:50:10.972] [DEBUG] default - 处理页面源信息: [{"http-equiv":"content-type","content":"text/html; charset=UTF-8"},{"name":"viewport","content":"width=1200, user-scalable=no"},{"name":"format-detection","content":"telephone=no, email=no"},{"name":"apple-mobile-web-app-capable","content":"yes"},{"name":"apple-mobile-web-app-status-bar-style","content":"white"},{"name":"renderer","content":"webkit"},{"http-equiv":"X-UA-Compatible","content":"IE=edge,chrome=1"},{"name":"filetype","content":"1"},{"name":"publishedtype","content":"1"},{"name":"pagetype","content":"2"},{"name":"screen-orientation","content":"landscape"},{"name":"x5-orientation","content":"landscape"},{"name":"full-screen","content":"yes"},{"name":"x5-fullscreen","content":"true"},{"name":"browsermode","content":"application"},{"name":"x5-page-mode","content":"app"}]
[2019-12-17T23:50:10.972] [INFO] default - 开始处理模块: home
[2019-12-17T23:50:10.994] [INFO] default - 开始处理模块: registerPanel
[2019-12-17T23:50:11.031] [DEBUG] default - 缓存模板: registerPanel./src/module/registerPanel.owo
[2019-12-17T23:50:11.045] [DEBUG] default - 模块registerPanel处理用时: 51 毫秒!
[2019-12-17T23:50:11.046] [DEBUG] default - 缓存模板: home./src/page/home.owo
[2019-12-17T23:50:11.057] [DEBUG] default - 页面home处理用时: 85 毫秒!
[2019-12-17T23:50:11.057] [DEBUG] default - css中的资源处理完毕!
[2019-12-17T23:50:11.057] [DEBUG] default - 使用postcss处理样式，使用了1个插件!
[2019-12-17T23:50:11.064] [INFO] default - 处理字体: {}
[2019-12-17T23:50:11.065] [INFO] default - 使用postcss处理完毕! 用时: 8 毫秒
[2019-12-17T23:50:11.065] [INFO] default - 正在处理script!
[2019-12-17T23:50:11.094] [INFO] default - 工程中只有一个页面!
[2019-12-17T23:50:11.095] [INFO] default - js中的资源处理完毕!
[2019-12-17T23:50:11.095] [DEBUG] default - 处理引用脚本: []
[2019-12-17T23:50:11.095] [DEBUG] default - 外部脚本数量: 0
[2019-12-17T23:50:11.095] [DEBUG] default - 输出scriptData
[2019-12-17T23:50:11.095] [DEBUG] default - 准备输出html!
[2019-12-17T23:50:11.096] [DEBUG] default - 忽略文件: C:/Users/my/Documents/GitHub/people-picture/登陆/src/resource/bg.jpg
[2019-12-17T23:50:11.096] [DEBUG] default - 忽略文件: C:/Users/my/Documents/GitHub/people-picture/登陆/src/resource/logo.png
[2019-12-17T23:50:11.096] [DEBUG] default - 忽略文件: C:/Users/my/Documents/GitHub/people-picture/登陆/src/resource/qr.png
[2019-12-17T23:50:11.097] [DEBUG] default - 页面中不包含切换动画!
[2019-12-17T23:50:11.097] [INFO] default - 编译结束!
[2019-12-17T23:50:11.097] [INFO] default - 发送页面需要刷新命令!
[2019-12-17T23:50:11.100] [INFO] default - 主要逻辑文件写出成功!
[2019-12-17T23:50:11.100] [INFO] default - 写入文件: C:\Users\my\Documents\GitHub\people-picture\登陆\dist\static\css\owo.main.css
[2019-12-17T23:50:36.368] [INFO] default - file change: C:\Users\my\Documents\GitHub\people-picture\登陆\src\main.css
[2019-12-17T23:50:36.368] [INFO] default - --------------------------- 开始编译 ---------------------------
[2019-12-17T23:50:36.368] [INFO] default - 程序运行目录: C:\Users\my\Documents\GitHub\people-picture\登陆
[2019-12-17T23:50:36.368] [INFO] default - 刷新模式,变化目录: C:\Users\my\Documents\GitHub\people-picture\登陆\src\main.css
[2019-12-17T23:50:36.368] [INFO] default - 读取模板文件: C:\Users\my\Documents\GitHub\pack\lib\index.html
[2019-12-17T23:50:36.369] [DEBUG] default - 读取网页标题: {TAG_14226_TAG}
[2019-12-17T23:50:36.369] [DEBUG] default - 处理页面源信息: [{"http-equiv":"content-type","content":"text/html; charset=UTF-8"},{"name":"viewport","content":"width=1200, user-scalable=no"},{"name":"format-detection","content":"telephone=no, email=no"},{"name":"apple-mobile-web-app-capable","content":"yes"},{"name":"apple-mobile-web-app-status-bar-style","content":"white"},{"name":"renderer","content":"webkit"},{"http-equiv":"X-UA-Compatible","content":"IE=edge,chrome=1"},{"name":"filetype","content":"1"},{"name":"publishedtype","content":"1"},{"name":"pagetype","content":"2"},{"name":"screen-orientation","content":"landscape"},{"name":"x5-orientation","content":"landscape"},{"name":"full-screen","content":"yes"},{"name":"x5-fullscreen","content":"true"},{"name":"browsermode","content":"application"},{"name":"x5-page-mode","content":"app"}]
[2019-12-17T23:50:36.369] [INFO] default - 开始处理模块: home
[2019-12-17T23:50:36.394] [INFO] default - 开始处理模块: registerPanel
[2019-12-17T23:50:36.436] [DEBUG] default - 缓存模板: registerPanel./src/module/registerPanel.owo
[2019-12-17T23:50:36.453] [DEBUG] default - 模块registerPanel处理用时: 59 毫秒!
[2019-12-17T23:50:36.455] [DEBUG] default - 缓存模板: home./src/page/home.owo
[2019-12-17T23:50:36.468] [DEBUG] default - 页面home处理用时: 99 毫秒!
[2019-12-17T23:50:36.469] [DEBUG] default - css中的资源处理完毕!
[2019-12-17T23:50:36.469] [DEBUG] default - 使用postcss处理样式，使用了1个插件!
[2019-12-17T23:50:36.478] [INFO] default - 开始处理附属css中的资源
[2019-12-17T23:50:36.478] [INFO] default - 附属css中的资源处理完毕!
[2019-12-17T23:50:36.478] [INFO] default - 处理字体: {}
[2019-12-17T23:50:36.479] [INFO] default - 使用postcss处理完毕! 用时: 10 毫秒
[2019-12-17T23:50:36.479] [INFO] default - 正在处理script!
[2019-12-17T23:50:36.506] [INFO] default - 工程中只有一个页面!
[2019-12-17T23:50:36.506] [INFO] default - js中的资源处理完毕!
[2019-12-17T23:50:36.507] [DEBUG] default - 处理引用脚本: []
[2019-12-17T23:50:36.507] [DEBUG] default - 外部脚本数量: 0
[2019-12-17T23:50:36.507] [DEBUG] default - 输出scriptData
[2019-12-17T23:50:36.507] [DEBUG] default - 准备输出html!
[2019-12-17T23:50:36.507] [DEBUG] default - 忽略文件: C:/Users/my/Documents/GitHub/people-picture/登陆/src/resource/bg.jpg
[2019-12-17T23:50:36.507] [DEBUG] default - 忽略文件: C:/Users/my/Documents/GitHub/people-picture/登陆/src/resource/logo.png
[2019-12-17T23:50:36.507] [DEBUG] default - 忽略文件: C:/Users/my/Documents/GitHub/people-picture/登陆/src/resource/qr.png
[2019-12-17T23:50:36.509] [DEBUG] default - 页面中不包含切换动画!
[2019-12-17T23:50:36.509] [INFO] default - 编译结束!
[2019-12-17T23:50:36.509] [INFO] default - 发送页面需要刷新命令!
[2019-12-17T23:50:36.510] [INFO] default - 读取成功: C:\Users\my\Documents\GitHub\people-picture\登陆\src\main.css
[2019-12-17T23:50:36.510] [INFO] default - 写入文件: C:\Users\my\Documents\GitHub\people-picture\登陆\dist\static\css\owo.main.css
[2019-12-17T23:50:36.510] [INFO] default - 主要逻辑文件写出成功!
[2019-12-17T23:50:36.511] [INFO] default - 写入文件: C:\Users\my\Documents\GitHub\people-picture\登陆\dist\static\css\main.css
[2019-12-17T23:51:22.151] [INFO] default - file change: C:\Users\my\Documents\GitHub\people-picture\登陆\src\page\home.owo
[2019-12-17T23:51:22.151] [INFO] default - --------------------------- 开始编译 ---------------------------
[2019-12-17T23:51:22.151] [INFO] default - 程序运行目录: C:\Users\my\Documents\GitHub\people-picture\登陆
[2019-12-17T23:51:22.151] [INFO] default - 刷新模式,变化目录: C:\Users\my\Documents\GitHub\people-picture\登陆\src\page\home.owo
[2019-12-17T23:51:22.151] [INFO] default - 读取模板文件: C:\Users\my\Documents\GitHub\pack\lib\index.html
[2019-12-17T23:51:22.152] [DEBUG] default - 读取网页标题: {TAG_14226_TAG}
[2019-12-17T23:51:22.152] [DEBUG] default - 处理页面源信息: [{"http-equiv":"content-type","content":"text/html; charset=UTF-8"},{"name":"viewport","content":"width=1200, user-scalable=no"},{"name":"format-detection","content":"telephone=no, email=no"},{"name":"apple-mobile-web-app-capable","content":"yes"},{"name":"apple-mobile-web-app-status-bar-style","content":"white"},{"name":"renderer","content":"webkit"},{"http-equiv":"X-UA-Compatible","content":"IE=edge,chrome=1"},{"name":"filetype","content":"1"},{"name":"publishedtype","content":"1"},{"name":"pagetype","content":"2"},{"name":"screen-orientation","content":"landscape"},{"name":"x5-orientation","content":"landscape"},{"name":"full-screen","content":"yes"},{"name":"x5-fullscreen","content":"true"},{"name":"browsermode","content":"application"},{"name":"x5-page-mode","content":"app"}]
[2019-12-17T23:51:22.152] [INFO] default - 开始处理模块: home
[2019-12-17T23:51:22.178] [INFO] default - 开始处理模块: registerPanel
[2019-12-17T23:51:22.217] [DEBUG] default - 缓存模板: registerPanel./src/module/registerPanel.owo
[2019-12-17T23:51:22.230] [DEBUG] default - 模块registerPanel处理用时: 52 毫秒!
[2019-12-17T23:51:22.231] [DEBUG] default - 缓存模板: home./src/page/home.owo
[2019-12-17T23:51:22.243] [DEBUG] default - 页面home处理用时: 91 毫秒!
[2019-12-17T23:51:22.243] [DEBUG] default - css中的资源处理完毕!
[2019-12-17T23:51:22.243] [DEBUG] default - 使用postcss处理样式，使用了1个插件!
[2019-12-17T23:51:22.255] [INFO] default - 处理字体: {}
[2019-12-17T23:51:22.258] [INFO] default - 使用postcss处理完毕! 用时: 15 毫秒
[2019-12-17T23:51:22.258] [INFO] default - 正在处理script!
[2019-12-17T23:51:22.285] [INFO] default - 工程中只有一个页面!
[2019-12-17T23:51:22.286] [INFO] default - js中的资源处理完毕!
[2019-12-17T23:51:22.286] [DEBUG] default - 处理引用脚本: []
[2019-12-17T23:51:22.286] [DEBUG] default - 外部脚本数量: 0
[2019-12-17T23:51:22.286] [DEBUG] default - 输出scriptData
[2019-12-17T23:51:22.287] [DEBUG] default - 准备输出html!
[2019-12-17T23:51:22.287] [DEBUG] default - 忽略文件: C:/Users/my/Documents/GitHub/people-picture/登陆/src/resource/bg.jpg
[2019-12-17T23:51:22.287] [DEBUG] default - 忽略文件: C:/Users/my/Documents/GitHub/people-picture/登陆/src/resource/logo.png
[2019-12-17T23:51:22.287] [DEBUG] default - 忽略文件: C:/Users/my/Documents/GitHub/people-picture/登陆/src/resource/qr.png
[2019-12-17T23:51:22.288] [DEBUG] default - 页面中不包含切换动画!
[2019-12-17T23:51:22.288] [INFO] default - 编译结束!
[2019-12-17T23:51:22.289] [INFO] default - 发送页面需要刷新命令!
[2019-12-17T23:51:22.291] [INFO] default - 写入文件: C:\Users\my\Documents\GitHub\people-picture\登陆\dist\static\css\owo.main.css
[2019-12-17T23:51:22.291] [INFO] default - 主要逻辑文件写出成功!
[2019-12-17T23:51:45.338] [INFO] default - file change: C:\Users\my\Documents\GitHub\people-picture\登陆\src\page\home.owo
[2019-12-17T23:51:45.338] [INFO] default - --------------------------- 开始编译 ---------------------------
[2019-12-17T23:51:45.338] [INFO] default - 程序运行目录: C:\Users\my\Documents\GitHub\people-picture\登陆
[2019-12-17T23:51:45.338] [INFO] default - 刷新模式,变化目录: C:\Users\my\Documents\GitHub\people-picture\登陆\src\page\home.owo
[2019-12-17T23:51:45.338] [INFO] default - 读取模板文件: C:\Users\my\Documents\GitHub\pack\lib\index.html
[2019-12-17T23:51:45.339] [DEBUG] default - 读取网页标题: {TAG_14226_TAG}
[2019-12-17T23:51:45.339] [DEBUG] default - 处理页面源信息: [{"http-equiv":"content-type","content":"text/html; charset=UTF-8"},{"name":"viewport","content":"width=1200, user-scalable=no"},{"name":"format-detection","content":"telephone=no, email=no"},{"name":"apple-mobile-web-app-capable","content":"yes"},{"name":"apple-mobile-web-app-status-bar-style","content":"white"},{"name":"renderer","content":"webkit"},{"http-equiv":"X-UA-Compatible","content":"IE=edge,chrome=1"},{"name":"filetype","content":"1"},{"name":"publishedtype","content":"1"},{"name":"pagetype","content":"2"},{"name":"screen-orientation","content":"landscape"},{"name":"x5-orientation","content":"landscape"},{"name":"full-screen","content":"yes"},{"name":"x5-fullscreen","content":"true"},{"name":"browsermode","content":"application"},{"name":"x5-page-mode","content":"app"}]
[2019-12-17T23:51:45.339] [INFO] default - 开始处理模块: home
[2019-12-17T23:51:45.370] [INFO] default - 开始处理模块: registerPanel
[2019-12-17T23:51:45.414] [DEBUG] default - 缓存模板: registerPanel./src/module/registerPanel.owo
[2019-12-17T23:51:45.431] [DEBUG] default - 模块registerPanel处理用时: 61 毫秒!
[2019-12-17T23:51:45.432] [DEBUG] default - 缓存模板: home./src/page/home.owo
[2019-12-17T23:51:45.445] [DEBUG] default - 页面home处理用时: 106 毫秒!
[2019-12-17T23:51:45.445] [DEBUG] default - css中的资源处理完毕!
[2019-12-17T23:51:45.445] [DEBUG] default - 使用postcss处理样式，使用了1个插件!
[2019-12-17T23:51:45.455] [INFO] default - 处理字体: {}
[2019-12-17T23:51:45.457] [INFO] default - 使用postcss处理完毕! 用时: 12 毫秒
[2019-12-17T23:51:45.457] [INFO] default - 正在处理script!
[2019-12-17T23:51:45.479] [INFO] default - 工程中只有一个页面!
[2019-12-17T23:51:45.480] [INFO] default - js中的资源处理完毕!
[2019-12-17T23:51:45.480] [DEBUG] default - 处理引用脚本: []
[2019-12-17T23:51:45.480] [DEBUG] default - 外部脚本数量: 0
[2019-12-17T23:51:45.480] [DEBUG] default - 输出scriptData
[2019-12-17T23:51:45.481] [DEBUG] default - 准备输出html!
[2019-12-17T23:51:45.481] [DEBUG] default - 忽略文件: C:/Users/my/Documents/GitHub/people-picture/登陆/src/resource/bg.jpg
[2019-12-17T23:51:45.481] [DEBUG] default - 忽略文件: C:/Users/my/Documents/GitHub/people-picture/登陆/src/resource/logo.png
[2019-12-17T23:51:45.481] [DEBUG] default - 忽略文件: C:/Users/my/Documents/GitHub/people-picture/登陆/src/resource/qr.png
[2019-12-17T23:51:45.482] [DEBUG] default - 页面中不包含切换动画!
[2019-12-17T23:51:45.482] [INFO] default - 编译结束!
[2019-12-17T23:51:45.483] [INFO] default - 发送页面需要刷新命令!
[2019-12-17T23:51:45.483] [INFO] default - 写入文件: C:\Users\my\Documents\GitHub\people-picture\登陆\dist\static\css\owo.main.css
[2019-12-17T23:51:45.483] [INFO] default - 主要逻辑文件写出成功!
